0 verbose cli /usr/local/bin/node /usr/local/bin/npm
1 info using npm@9.5.1
2 info using node@v18.16.1
3 timing npm:load:whichnode Completed in 3ms
4 timing config:load:defaults Completed in 5ms
5 timing config:load:file:/usr/local/lib/node_modules/npm/npmrc Completed in 1ms
6 timing config:load:builtin Completed in 2ms
7 warn config production Use `--omit=dev` instead.
8 timing config:load:cli Completed in 3ms
9 timing config:load:env Completed in 0ms
10 timing config:load:project Completed in 1ms
11 timing config:load:file:/home/container/.npmrc Completed in 0ms
12 timing config:load:user Completed in 0ms
13 timing config:load:file:/usr/local/etc/npmrc Completed in 0ms
14 timing config:load:global Completed in 0ms
15 timing config:load:setEnvs Completed in 1ms
16 timing config:load Completed in 15ms
17 timing npm:load:configload Completed in 16ms
18 timing npm:load:mkdirpcache Completed in 0ms
19 timing npm:load:mkdirplogs Completed in 1ms
20 verbose title npm install
21 verbose argv "install" "--production"
22 timing npm:load:setTitle Completed in 1ms
23 timing config:load:flatten Completed in 7ms
24 timing npm:load:display Completed in 10ms
25 verbose logfile logs-max:10 dir:/home/container/.npm/_logs/2023-09-18T12_45_38_713Z-
26 verbose logfile /home/container/.npm/_logs/2023-09-18T12_45_38_713Z-debug-0.log
27 timing npm:load:logFile Completed in 55ms
28 timing npm:load:timers Completed in 0ms
29 timing npm:load:configScope Completed in 0ms
30 timing npm:load Completed in 87ms
31 timing arborist:ctor Completed in 1ms
32 silly logfile start cleaning logs, removing 1 files
33 silly logfile done cleaning log files
34 timing idealTree:init Completed in 902ms
35 timing idealTree:userRequests Completed in 0ms
36 silly idealTree buildDeps
37 timing idealTree:#root Completed in 1ms
38 timing idealTree:buildDeps Completed in 2ms
39 timing idealTree:fixDepFlags Completed in 1ms
40 timing idealTree Completed in 914ms
41 timing arborist:ctor Completed in 0ms
42 timing reify:loadTrees Completed in 1881ms
43 timing reify:diffTrees Completed in 13ms
44 silly reify moves {}
45 timing reify:retireShallow Completed in 2ms
46 timing reify:createSparse Completed in 74ms
47 timing reify:trashOmits Completed in 0ms
48 timing reify:loadBundles Completed in 0ms
49 silly audit bulk request {
49 silly audit   '@babel/runtime': [ '7.22.15' ],
49 silly audit   'regenerator-runtime': [ '0.14.0', '0.13.11' ],
49 silly audit   '@discordjs/builders': [ '1.6.5' ],
49 silly audit   '@discordjs/collection': [ '1.5.3' ],
49 silly audit   '@discordjs/formatters': [ '0.3.2' ],
49 silly audit   '@discordjs/rest': [ '2.0.1' ],
49 silly audit   '@discordjs/util': [ '1.0.1' ],
49 silly audit   '@discordjs/ws': [ '1.0.1' ],
49 silly audit   '@jimp/bmp': [ '0.22.10', '0.14.0' ],
49 silly audit   '@jimp/core': [ '0.22.10', '0.14.0' ],
49 silly audit   '@jimp/custom': [ '0.22.10', '0.14.0' ],
49 silly audit   '@jimp/gif': [ '0.22.10', '0.14.0' ],
49 silly audit   '@jimp/jpeg': [ '0.22.10', '0.14.0' ],
49 silly audit   '@jimp/plugin-blit': [ '0.22.10', '0.14.0' ],
49 silly audit   '@jimp/plugin-blur': [ '0.22.10', '0.14.0' ],
49 silly audit   '@jimp/plugin-circle': [ '0.22.10', '0.14.0' ],
49 silly audit   '@jimp/plugin-color': [ '0.22.10', '0.14.0' ],
49 silly audit   '@jimp/plugin-contain': [ '0.22.10', '0.14.0' ],
49 silly audit   '@jimp/plugin-cover': [ '0.22.10', '0.14.0' ],
49 silly audit   '@jimp/plugin-crop': [ '0.22.10', '0.14.0' ],
49 silly audit   '@jimp/plugin-displace': [ '0.22.10', '0.14.0' ],
49 silly audit   '@jimp/plugin-dither': [ '0.22.10', '0.14.0' ],
49 silly audit   '@jimp/plugin-fisheye': [ '0.22.10', '0.14.0' ],
49 silly audit   '@jimp/plugin-flip': [ '0.22.10', '0.14.0' ],
49 silly audit   '@jimp/plugin-gaussian': [ '0.22.10', '0.14.0' ],
49 silly audit   '@jimp/plugin-invert': [ '0.22.10', '0.14.0' ],
49 silly audit   '@jimp/plugin-mask': [ '0.22.10', '0.14.0' ],
49 silly audit   '@jimp/plugin-normalize': [ '0.22.10', '0.14.0' ],
49 silly audit   '@jimp/plugin-print': [ '0.22.10', '0.14.0' ],
49 silly audit   '@jimp/plugin-resize': [ '0.22.10', '0.14.0' ],
49 silly audit   '@jimp/plugin-rotate': [ '0.22.10', '0.14.0' ],
49 silly audit   '@jimp/plugin-scale': [ '0.22.10', '0.14.0' ],
49 silly audit   '@jimp/plugin-shadow': [ '0.22.10', '0.14.0' ],
49 silly audit   '@jimp/plugin-threshold': [ '0.22.10', '0.14.0' ],
49 silly audit   '@jimp/plugins': [ '0.22.10', '0.14.0' ],
49 silly audit   '@jimp/png': [ '0.22.10', '0.14.0' ],
49 silly audit   '@jimp/tiff': [ '0.22.10', '0.14.0' ],
49 silly audit   '@jimp/types': [ '0.22.10', '0.14.0' ],
49 silly audit   '@jimp/utils': [ '0.22.10', '0.14.0' ],
49 silly audit   '@mapbox/node-pre-gyp': [ '1.0.11' ],
49 silly audit   '@mongodb-js/saslprep': [ '1.1.0' ],
49 silly audit   '@napi-rs/canvas': [ '0.1.44' ],
49 silly audit   '@napi-rs/canvas-android-arm64': [ '0.1.44' ],
49 silly audit   '@napi-rs/canvas-darwin-arm64': [ '0.1.44' ],
49 silly audit   '@napi-rs/canvas-darwin-x64': [ '0.1.44' ],
49 silly audit   '@napi-rs/canvas-linux-arm-gnueabihf': [ '0.1.44' ],
49 silly audit   '@napi-rs/canvas-linux-arm64-gnu': [ '0.1.44' ],
49 silly audit   '@napi-rs/canvas-linux-arm64-musl': [ '0.1.44' ],
49 silly audit   '@napi-rs/canvas-linux-x64-gnu': [ '0.1.44' ],
49 silly audit   '@napi-rs/canvas-linux-x64-musl': [ '0.1.44' ],
49 silly audit   '@napi-rs/canvas-win32-x64-msvc': [ '0.1.44' ],
49 silly audit   '@sapphire/async-queue': [ '1.5.0' ],
49 silly audit   '@sapphire/shapeshift': [ '3.9.2' ],
49 silly audit   '@sapphire/snowflake': [ '3.5.1' ],
49 silly audit   '@skyra/gifenc': [ '1.0.1' ],
49 silly audit   '@tokenizer/token': [ '0.3.0' ],
49 silly audit   '@types/http-errors': [ '1.8.2' ],
49 silly audit   '@types/node': [ '20.5.9', '16.9.1' ],
49 silly audit   '@types/webidl-conversions': [ '7.0.0' ],
49 silly audit   '@types/whatwg-url': [ '8.2.2' ],
49 silly audit   '@types/ws': [ '8.5.5' ],
49 silly audit   '@vitalets/google-translate-api': [ '9.2.0' ],
49 silly audit   '@vladfrangu/async_event_emitter': [ '2.2.2' ],
49 silly audit   abbrev: [ '1.1.1' ],
49 silly audit   'agent-base': [ '6.0.2' ],
49 silly audit   'ansi-regex': [ '5.0.1' ],
49 silly audit   'any-base': [ '1.1.0' ],
49 silly audit   aproba: [ '2.0.0' ],
49 silly audit   'are-we-there-yet': [ '2.0.0' ],
49 silly audit   'ascii-art': [ '2.8.5' ],
49 silly audit   'ascii-art-ansi': [ '1.4.1' ],
49 silly audit   'ascii-art-braille': [ '0.0.2', '0.1.0' ],
49 silly audit   'ascii-art-font': [ '1.0.2' ],
49 silly audit   'ascii-art-graph': [ '0.5.0' ],
49 silly audit   'ascii-art-image': [ '1.4.0' ],
49 silly audit   'ascii-art-table': [ '1.0.1' ],
49 silly audit   'ascii-art-utf': [ '0.0.1' ],
49 silly audit   'ascii-codes': [ '1.0.0' ],
49 silly audit   'ascii-table': [ '0.0.9' ],
49 silly audit   async: [ '3.2.4' ],
49 silly audit   'async-arrays': [ '1.1.0' ],
49 silly audit   'balanced-match': [ '1.0.2' ],
49 silly audit   'base64-js': [ '1.5.1' ],
49 silly audit   'bmp-js': [ '0.1.0' ],
49 silly audit   'brace-expansion': [ '2.0.1', '1.1.11' ],
49 silly audit   bson: [ '5.4.0' ],
49 silly audit   buffer: [ '5.7.1' ],
49 silly audit   'buffer-equal': [ '0.0.1' ],
49 silly audit   busboy: [ '1.6.0' ], 
49 silly audit   'node-fetch': [ '2.6.7', '2.7.0' ],
49 silly audit   canvas: [ '2.11.2' ],
49 silly audit   'canvas-senpai': [ '2.0.3' ],
49 silly audit   'file-type': [ '9.0.0', '16.5.4' ],
49 silly audit   gifwrap: [ '0.9.4', '0.10.1' ],
49 silly audit   jimp: [ '0.14.0', '0.22.10' ],
49 silly audit   mkdirp: [ '0.5.6', '1.0.4' ],
49 silly audit   pngjs: [ '3.4.0', '6.0.0' ],
49 silly audit   chalk: [ '5.3.0' ],
49 silly audit   chownr: [ '2.0.0' ],
49 silly audit   cli: [ '0.4.5' ],
49 silly audit   color: [ '3.2.1' ],
49 silly audit   'color-convert': [ '1.9.3' ],
49 silly audit   'color-difference': [ '0.3.4' ],
49 silly audit   'color-model': [ '0.2.2' ],
49 silly audit   'color-name': [ '1.1.3' ],
49 silly audit   'color-string': [ '1.9.1' ],
49 silly audit   'color-support': [ '1.1.3' ],
49 silly audit   colors: [ '1.4.0' ],
49 silly audit   commander: [ '2.20.3' ],
49 silly audit   'concat-map': [ '0.0.1' ],
49 silly audit   'console-control-strings': [ '1.1.0' ],
49 silly audit   'core-util-is': [ '1.0.3' ],
49 silly audit   d3: [ '5.16.0' ],
49 silly audit   'd3-array': [ '1.2.4' ],
49 silly audit   'd3-axis': [ '1.0.12' ],
49 silly audit   'd3-brush': [ '1.1.6' ],
49 silly audit   'd3-chord': [ '1.0.6' ],
49 silly audit   'd3-collection': [ '1.0.7' ],
49 silly audit   'd3-color': [ '1.4.1' ],
49 silly audit   'd3-contour': [ '1.3.2' ],
49 silly audit   'd3-dispatch': [ '1.0.6' ],
49 silly audit   'd3-drag': [ '1.2.5' ],
49 silly audit   'd3-dsv': [ '1.2.0' ],
49 silly audit   'd3-ease': [ '1.0.7' ],
49 silly audit   'd3-fetch': [ '1.2.0' ],
49 silly audit   'd3-force': [ '1.2.1' ],
49 silly audit   'd3-format': [ '1.4.5' ],
49 silly audit   'd3-geo': [ '1.12.1' ],
49 silly audit   'd3-hierarchy': [ '1.1.9' ],
49 silly audit   'd3-interpolate': [ '1.4.0' ],
49 silly audit   'd3-path': [ '1.0.9' ],
49 silly audit   'd3-polygon': [ '1.0.6' ],
49 silly audit   'd3-quadtree': [ '1.0.7' ],
49 silly audit   'd3-random': [ '1.1.2' ],
49 silly audit   'd3-scale': [ '2.2.2' ],
49 silly audit   'd3-scale-chromatic': [ '1.5.0' ],
49 silly audit   'd3-selection': [ '1.4.2' ],
49 silly audit   'd3-shape': [ '1.3.7' ],
49 silly audit   'd3-time': [ '1.1.0' ],
49 silly audit   'd3-time-format': [ '2.3.0' ],
49 silly audit   'd3-timer': [ '1.0.10' ],
49 silly audit   'd3-transition': [ '1.3.2' ],
49 silly audit   'd3-voronoi': [ '1.1.4' ],
49 silly audit   'd3-zoom': [ '1.8.3' ],
49 silly audit   debug: [ '4.3.4', '3.2.7' ],
49 silly audit   ms: [ '2.1.2', '2.1.3' ],
49 silly audit   'decompress-response': [ '4.2.1' ],
49 silly audit   delegates: [ '1.0.0' ],
49 silly audit   depd: [ '2.0.0' ],
49 silly audit   'detect-libc': [ '2.0.2' ],
49 silly audit   'dirname-shim': [ '1.0.0' ],
49 silly audit   'discord-api-types': [ '0.37.50' ],
49 silly audit   'discord.js': [ '14.13.0' ],
49 silly audit   'dom-walk': [ '0.1.2' ],
49 silly audit   duplexer: [ '0.1.2' ],
49 silly audit   'emoji-regex': [ '8.0.0' ],
49 silly audit   'eol-fix-stream': [ '1.1.1' ],
49 silly audit   'exif-parser': [ '0.1.12' ],
49 silly audit   'extended-emitter': [ '1.6.0' ],
49 silly audit   'fancy-text-table': [ '1.0.0' ],
49 silly audit   'fast-average-color': [ '6.4.2' ],
49 silly audit   'fast-average-color-node': [ '1.0.3' ],
49 silly audit   'fast-deep-equal': [ '3.1.3' ],
49 silly audit   'fs-minipass': [ '2.1.0' ],
49 silly audit   minipass: [ '3.3.6', '5.0.0' ],
49 silly audit   'fs.realpath': [ '1.0.0' ],
49 silly audit   'ftp-response-parser': [ '1.0.1' ],
49 silly audit   'readable-stream': [ '1.1.14', '3.6.2', '2.3.8' ],
49 silly audit   string_decoder: [ '0.10.31', '1.3.0', '1.1.1' ],
49 silly audit   gauge: [ '3.0.2' ],
49 silly audit   glob: [ '8.1.0', '7.2.3' ],
49 silly audit   global: [ '4.4.0' ],
49 silly audit   'has-unicode': [ '2.0.1' ],
49 silly audit   'http-errors': [ '2.0.0' ],
49 silly audit   'https-proxy-agent': [ '5.0.1' ],
49 silly audit   'iconv-lite': [ '0.4.24' ],
49 silly audit   ieee754: [ '1.2.1' ],
49 silly audit   'image-q': [ '4.0.0' ],
49 silly audit   inflight: [ '1.0.6' ],
49 silly audit   inherits: [ '2.0.4' ],
49 silly audit   ip: [ '2.0.0' ],
49 silly audit   'is-arrayish': [ '0.3.2' ],
49 silly audit   'is-fullwidth-code-point': [ '3.0.0' ],
49 silly audit   'is-function': [ '1.0.2' ],
49 silly audit   isarray: [ '0.0.1', '1.0.0' ],
49 silly audit   'isomorphic-fetch': [ '3.0.0' ],
49 silly audit   'jpeg-js': [ '0.4.4' ],
49 silly audit   jsftp: [ '2.1.3' ],
49 silly audit   json2csv: [ '4.5.4' ],
49 silly audit   jsonparse: [ '1.3.1' ],
49 silly audit   kareem: [ '2.5.1' ],
49 silly audit   'load-bmfont': [ '1.4.1' ],
49 silly audit   lodash: [ '4.17.21' ],
49 silly audit   'lodash.get': [ '4.4.2' ],
49 silly audit   'lodash.snakecase': [ '4.1.1' ],
49 silly audit   'lru-cache': [ '6.0.0' ],
49 silly audit   'magic-bytes.js': [ '1.0.15' ],
49 silly audit   'make-dir': [ '3.1.0' ],
49 silly audit   semver: [ '6.3.1', '7.5.4' ],
49 silly audit   maplex: [ '1.0.0' ],
49 silly audit   'memory-pager': [ '1.5.0' ],
49 silly audit   mime: [ '1.6.0' ],
49 silly audit   'mimic-response': [ '2.1.0' ],
49 silly audit   'min-document': [ '2.19.0' ],
49 silly audit   minimatch: [ '5.1.6', '3.1.2' ],
49 silly audit   minimist: [ '1.2.8' ],
49 silly audit   minizlib: [ '2.1.2' ],
49 silly audit   moment: [ '2.29.4' ],
49 silly audit   'moment-duration-format': [ '2.3.2' ],
49 silly audit   mongodb: [ '5.8.1' ],
49 silly audit   'mongodb-connection-string-url': [ '2.6.0' ],
49 silly audit   tr46: [ '3.0.0', '0.0.3' ],
49 silly audit   'webidl-conversions': [ '7.0.0', '3.0.1' ],
49 silly audit   'whatwg-url': [ '11.0.0', '5.0.0' ],
49 silly audit   mongoose: [ '7.5.0' ],
49 silly audit   mpath: [ '0.9.0' ],
49 silly audit   mquery: [ '5.0.0' ],
49 silly audit   nan: [ '2.18.0' ],
49 silly audit   nopt: [ '5.0.0' ],
49 silly audit   npmlog: [ '5.0.1' ],
49 silly audit   'object-assign': [ '4.1.1' ],
49 silly audit   omggif: [ '1.0.10' ],
49 silly audit   once: [ '1.4.0' ],
49 silly audit   pako: [ '1.0.11' ],
49 silly audit   'parse-bmfont-ascii': [ '1.0.6' ],
49 silly audit   'parse-bmfont-binary': [ '1.0.6' ],
49 silly audit   'parse-bmfont-xml': [ '1.1.4' ],
49 silly audit   'parse-headers': [ '2.0.5' ],
49 silly audit   'parse-listing': [ '1.1.3' ],
49 silly audit   'path-is-absolute': [ '1.0.1' ],
49 silly audit   'peek-readable': [ '4.1.0' ],
49 silly audit   phin: [ '2.9.3' ],
49 silly audit   pixelmatch: [ '4.0.2' ],
49 silly audit   process: [ '0.11.10' ],
49 silly audit   'process-nextick-args': [ '2.0.1' ],
49 silly audit   punycode: [ '2.3.0' ],
49 silly audit   randombytes: [ '2.0.3' ],
49 silly audit   'randomized-string': [ '2.0.0' ],
49 silly audit   randomstring: [ '1.3.0' ],
49 silly audit   'readable-web-to-node-stream': [ '3.0.2' ],
49 silly audit   rimraf: [ '3.0.2' ],
49 silly audit   rw: [ '1.3.3' ],
49 silly audit   'safe-buffer': [ '5.2.1', '5.1.2' ],
49 silly audit   'safer-buffer': [ '2.1.2' ],
49 silly audit   sax: [ '1.2.4' ],
49 silly audit   'set-blocking': [ '2.0.0' ],
49 silly audit   setprototypeof: [ '1.2.0' ],
49 silly audit   sift: [ '16.0.1' ],
49 silly audit   'signal-exit': [ '3.0.7' ],
49 silly audit   'simple-concat': [ '1.0.1' ],
49 silly audit   'simple-get': [ '3.1.1' ],
49 silly audit   'simple-swizzle': [ '0.2.2' ],
49 silly audit   'smart-buffer': [ '4.2.0' ],
49 silly audit   socks: [ '2.7.1' ],
49 silly audit   'sparse-bitfield': [ '3.0.3' ],
49 silly audit   statuses: [ '2.0.1' ],
49 silly audit   strangler: [ '1.1.2' ],
49 silly audit   'stream-combiner': [ '0.2.2' ],
49 silly audit   streamsearch: [ '1.1.0' ],
49 silly audit   'string-tools': [ '1.0.0' ],
49 silly audit   'string-width': [ '4.2.3' ],
49 silly audit   'strip-ansi': [ '6.0.1' ],
49 silly audit   strtok3: [ '6.3.0' ],
49 silly audit   tar: [ '6.2.0' ],
49 silly audit   'terminal-char-table': [ '2.0.2' ],
49 silly audit   'text-table': [ '0.2.0' ],
49 silly audit   through: [ '2.3.8' ],
49 silly audit   through2: [ '2.0.5' ],
49 silly audit   timm: [ '1.7.1' ],
49 silly audit   tinycolor2: [ '1.6.0' ],
49 silly audit   toidentifier: [ '1.0.1' ],
49 silly audit   'token-types': [ '4.2.1' ],
49 silly audit   'ts-mixer': [ '6.0.3' ],
49 silly audit   tslib: [ '2.6.2' ],
49 silly audit   undici: [ '5.22.1' ],
49 silly audit   unorm: [ '1.6.0' ],
49 silly audit   unstyle: [ '0.0.8' ],
49 silly audit   utif: [ '2.0.1' ],
49 silly audit   utif2: [ '4.1.0' ],
49 silly audit   'util-deprecate': [ '1.0.2' ],
49 silly audit   'whatwg-fetch': [ '3.6.18' ],
49 silly audit   'wide-align': [ '1.1.5' ],
49 silly audit   wrappy: [ '1.0.2' ],
49 silly audit   ws: [ '8.13.0' ],
49 silly audit   xhr: [ '2.6.0' ],
49 silly audit   'xml-parse-from-string': [ '1.0.1' ],
49 silly audit   xml2js: [ '0.4.23' ],
49 silly audit   xmlbuilder: [ '11.0.1' ],
49 silly audit   xtend: [ '4.0.2' ],
49 silly audit   yallist: [ '4.0.0' ]
49 silly audit }
50 verbose reify failed optional dependency /home/container/node_modules/@napi-rs/canvas-win32-x64-msvc
51 silly reify mark deleted [ '/home/container/node_modules/@napi-rs/canvas-win32-x64-msvc' ]
52 verbose reify failed optional dependency /home/container/node_modules/@napi-rs/canvas-linux-arm64-musl
53 silly reify mark deleted [ '/home/container/node_modules/@napi-rs/canvas-linux-arm64-musl' ]
54 verbose reify failed optional dependency /home/container/node_modules/@napi-rs/canvas-linux-arm64-gnu
55 silly reify mark deleted [ '/home/container/node_modules/@napi-rs/canvas-linux-arm64-gnu' ]
56 verbose reify failed optional dependency /home/container/node_modules/@napi-rs/canvas-linux-arm-gnueabihf
57 silly reify mark deleted [ '/home/container/node_modules/@napi-rs/canvas-linux-arm-gnueabihf' ]
58 verbose reify failed optional dependency /home/container/node_modules/@napi-rs/canvas-darwin-x64
59 silly reify mark deleted [ '/home/container/node_modules/@napi-rs/canvas-darwin-x64' ]
60 verbose reify failed optional dependency /home/container/node_modules/@napi-rs/canvas-darwin-arm64
61 silly reify mark deleted [ '/home/container/node_modules/@napi-rs/canvas-darwin-arm64' ]
62 verbose reify failed optional dependency /home/container/node_modules/@napi-rs/canvas-android-arm64
63 silly reify mark deleted [ '/home/container/node_modules/@napi-rs/canvas-android-arm64' ]
64 timing reifyNode:node_modules/@napi-rs/canvas-win32-x64-msvc Completed in 202ms
65 timing reifyNode:node_modules/@napi-rs/canvas-linux-arm64-musl Completed in 202ms
66 timing reifyNode:node_modules/@napi-rs/canvas-linux-arm64-gnu Completed in 202ms
67 timing reifyNode:node_modules/@napi-rs/canvas-linux-arm-gnueabihf Completed in 202ms
68 timing reifyNode:node_modules/@napi-rs/canvas-darwin-x64 Completed in 202ms
69 timing reifyNode:node_modules/@napi-rs/canvas-darwin-arm64 Completed in 202ms
70 timing reifyNode:node_modules/@napi-rs/canvas-android-arm64 Completed in 201ms
71 timing reify:unpack Completed in 204ms
72 timing reify:unretire Completed in 0ms
73 timing build:queue Completed in 9ms
74 timing build:deps Completed in 10ms
75 timing build Completed in 10ms
76 timing reify:build Completed in 11ms
77 timing reify:trash Completed in 4ms
78 timing reify:save Completed in 369ms
79 http fetch POST 200 https://registry.npmjs.org/-/npm/v1/security/advisories/bulk 942ms
80 timing auditReport:getReport Completed in 956ms
81 silly audit report {
81 silly audit report   cli: [
81 silly audit report     {
81 silly audit report       id: 1092748,
81 silly audit report       url: 'https://github.com/advisories/GHSA-3mrp-qhcj-mwv5',
81 silly audit report       title: 'Node CLI Allows Arbitrary File Overwrite',
81 silly audit report       severity: 'low',
81 silly audit report       vulnerable_versions: '>=0.1.0 <=0.11.3',
81 silly audit report       cwe: [Array],
81 silly audit report       cvss: [Object]
81 silly audit report     },
81 silly audit report     {
81 silly audit report       id: 1090893,
81 silly audit report       url: 'https://github.com/advisories/GHSA-6cpc-mj5c-m9rq',
81 silly audit report       title: 'Arbitrary File Write in cli',
81 silly audit report       severity: 'low',
81 silly audit report       vulnerable_versions: '<1.0.0',
81 silly audit report       cwe: [Array],
81 silly audit report       cvss: [Object]
81 silly audit report     }
81 silly audit report   ],
81 silly audit report   'd3-color': [
81 silly audit report     {
81 silly audit report       id: 1088594,
81 silly audit report       url: 'https://github.com/advisories/GHSA-36jr-mh4h-2g58',
81 silly audit report       title: 'd3-color vulnerable to ReDoS',
81 silly audit report       severity: 'high',
81 silly audit report       vulnerable_versions: '<3.1.0',
81 silly audit report       cwe: [Array],
81 silly audit report       cvss: [Object]
81 silly audit report     }
81 silly audit report   ],
81 silly audit report   xml2js: [
81 silly audit report     {
81 silly audit report       id: 1092301,
81 silly audit report       url: 'https://github.com/advisories/GHSA-776f-qx25-q3cc',
81 silly audit report       title: 'xml2js is vulnerable to prototype pollution',
81 silly audit report       severity: 'moderate',
81 silly audit report       vulnerable_versions: '<0.5.0',
81 silly audit report       cwe: [Array],
81 silly audit report       cvss: [Object]
81 silly audit report     }
81 silly audit report   ]
81 silly audit report }
82 timing metavuln:cache:get:security-advisory:cli:ZEwf3Q21AdpppRS+KvYw7mZ+DOB83hs6nGDq6p0BaZVQfX8qudjZ3y3sTReId/ndR/jjCUn5Y7smR7Epgcd3lQ== Completed in 14ms
83 timing metavuln:cache:get:security-advisory:cli:ny3kUgkkyYGN9jfeaSYQH9j5tOfLlaqRWonSNJ987Kf5CLCwfsrqrUd53l5eqDUFINhItRmZIp6z0LYGGK2Wbw== Completed in 12ms
84 timing metavuln:cache:get:security-advisory:d3-color:PXCCUtz8pBXn13G8u17PBCuRV0pJOh1kohKpl7G3/xGHcfhFmfHH/gB68CGJBeS+t7/saVeazG1QCRKoNcOlVA== Completed in 13ms
85 timing metavuln:cache:get:security-advisory:xml2js:ixGKvLytxENoELPtQ7Jfj+DUT454F6CaTU/ERD5wiTnwMVFoo9YFtr10osyPOYff4xsxGKOlqM3/qGPOZhALTQ== Completed in 12ms
86 http fetch GET 200 https://registry.npmjs.org/cli 31ms (cache hit)
87 timing metavuln:packument:cli Completed in 33ms
88 timing metavuln:load:security-advisory:cli:1092748 Completed in 3ms
89 timing metavuln:calculate:security-advisory:cli:1092748 Completed in 37ms
90 timing metavuln:load:security-advisory:cli:1090893 Completed in 1ms
91 timing metavuln:calculate:security-advisory:cli:1090893 Completed in 36ms
92 http fetch GET 200 https://registry.npmjs.org/xml2js 35ms (cache hit)
93 timing metavuln:packument:xml2js Completed in 36ms
94 timing metavuln:load:security-advisory:xml2js:1092301 Completed in 0ms
95 timing metavuln:calculate:security-advisory:xml2js:1092301 Completed in 37ms
96 http fetch GET 200 https://registry.npmjs.org/d3-color 38ms (cache hit)
97 timing metavuln:packument:d3-color Completed in 40ms
98 timing metavuln:load:security-advisory:d3-color:1088594 Completed in 1ms
99 timing metavuln:calculate:security-advisory:d3-color:1088594 Completed in 42ms
100 timing metavuln:cache:get:security-advisory:color-difference:4Ig87R3VbwlDqckaQhdA+AL/dHllegg2eDdDY9eDIgHn8z1YAeMK4x2o5LWT/GbH57KDsMuCI22SrSLOB82XLQ== Completed in 5ms
101 http fetch GET 200 https://registry.npmjs.org/color-difference 7ms (cache hit)
102 timing metavuln:packument:color-difference Completed in 8ms
103 timing metavuln:load:security-advisory:color-difference:ZEwf3Q21AdpppRS+KvYw7mZ+DOB83hs6nGDq6p0BaZVQfX8qudjZ3y3sTReId/ndR/jjCUn5Y7smR7Epgcd3lQ== Completed in 0ms
104 timing metavuln:calculate:security-advisory:color-difference:ZEwf3Q21AdpppRS+KvYw7mZ+DOB83hs6nGDq6p0BaZVQfX8qudjZ3y3sTReId/ndR/jjCUn5Y7smR7Epgcd3lQ== Completed in 9ms
105 timing metavuln:cache:get:security-advisory:d3:nD8/rL0pimqDqzdOnh8RBlSANsQXZQcVaJ5l4tI+9rW+CZR293A/uu6fp8GkRKkePkatanrTAfN+S2RdB4eQPg== Completed in 11ms
106 timing metavuln:cache:get:security-advisory:d3-interpolate:/0c0NbpifkPwYK9Wc12lWCuekF3egfwQpU2vPvU1z9YtPOYhtO7tT+WkboXD+VCbMPJ5HjjePH/MBwCF4GihdQ== Completed in 10ms
107 timing metavuln:cache:get:security-advisory:d3-scale-chromatic:LEWojVFa5YFPuDB69ZvzznZ0XSA7sQAz/j6ecKiTUDNMnSZ78aYmoC9AwFwK4R9EXp3JFdgG/TCTxSmDNS2igA== Completed in 10ms
108 timing metavuln:cache:get:security-advisory:d3-transition:a7EqjKFx6XJgOZ7nJ58IpWH2G89VNRpzpxFL7SjBAx93Rlbb6jYPJk9Xgb9+Ax+7unBh6EzCUtsq00AzblrWlQ== Completed in 9ms
109 http fetch GET 200 https://registry.npmjs.org/d3-interpolate 22ms (cache hit)
110 timing metavuln:packument:d3-interpolate Completed in 24ms
111 timing metavuln:load:security-advisory:d3-interpolate:PXCCUtz8pBXn13G8u17PBCuRV0pJOh1kohKpl7G3/xGHcfhFmfHH/gB68CGJBeS+t7/saVeazG1QCRKoNcOlVA== Completed in 1ms
112 timing metavuln:calculate:security-advisory:d3-interpolate:PXCCUtz8pBXn13G8u17PBCuRV0pJOh1kohKpl7G3/xGHcfhFmfHH/gB68CGJBeS+t7/saVeazG1QCRKoNcOlVA== Completed in 25ms
113 http fetch GET 200 https://registry.npmjs.org/d3 27ms (cache hit)
114 timing metavuln:packument:d3 Completed in 31ms
115 timing metavuln:load:security-advisory:d3:PXCCUtz8pBXn13G8u17PBCuRV0pJOh1kohKpl7G3/xGHcfhFmfHH/gB68CGJBeS+t7/saVeazG1QCRKoNcOlVA== Completed in 4ms
116 timing metavuln:calculate:security-advisory:d3:PXCCUtz8pBXn13G8u17PBCuRV0pJOh1kohKpl7G3/xGHcfhFmfHH/gB68CGJBeS+t7/saVeazG1QCRKoNcOlVA== Completed in 36ms
117 http fetch GET 200 https://registry.npmjs.org/d3-scale-chromatic 83ms (cache hit)
118 timing metavuln:packument:d3-scale-chromatic Completed in 84ms
119 timing metavuln:load:security-advisory:d3-scale-chromatic:PXCCUtz8pBXn13G8u17PBCuRV0pJOh1kohKpl7G3/xGHcfhFmfHH/gB68CGJBeS+t7/saVeazG1QCRKoNcOlVA== Completed in 0ms
120 timing metavuln:calculate:security-advisory:d3-scale-chromatic:PXCCUtz8pBXn13G8u17PBCuRV0pJOh1kohKpl7G3/xGHcfhFmfHH/gB68CGJBeS+t7/saVeazG1QCRKoNcOlVA== Completed in 84ms
121 http fetch GET 200 https://registry.npmjs.org/d3-transition 84ms (cache hit)
122 timing metavuln:packument:d3-transition Completed in 85ms
123 timing metavuln:load:security-advisory:d3-transition:PXCCUtz8pBXn13G8u17PBCuRV0pJOh1kohKpl7G3/xGHcfhFmfHH/gB68CGJBeS+t7/saVeazG1QCRKoNcOlVA== Completed in 1ms
124 timing metavuln:calculate:security-advisory:d3-transition:PXCCUtz8pBXn13G8u17PBCuRV0pJOh1kohKpl7G3/xGHcfhFmfHH/gB68CGJBeS+t7/saVeazG1QCRKoNcOlVA== Completed in 87ms
125 timing metavuln:cache:get:security-advisory:parse-bmfont-xml:IxH3x07FnyhLVt2wQ0GULuupSzWQYCGNj/EdtjELcJk25Ehzy/6EbsqfW1g60G0t8w6umlL5YUAPRyTJC/suuw== Completed in 3ms
126 http fetch GET 200 https://registry.npmjs.org/parse-bmfont-xml 6ms (cache hit)
127 timing metavuln:packument:parse-bmfont-xml Completed in 8ms
128 timing metavuln:load:security-advisory:parse-bmfont-xml:ixGKvLytxENoELPtQ7Jfj+DUT454F6CaTU/ERD5wiTnwMVFoo9YFtr10osyPOYff4xsxGKOlqM3/qGPOZhALTQ== Completed in 0ms
129 timing metavuln:calculate:security-advisory:parse-bmfont-xml:ixGKvLytxENoELPtQ7Jfj+DUT454F6CaTU/ERD5wiTnwMVFoo9YFtr10osyPOYff4xsxGKOlqM3/qGPOZhALTQ== Completed in 8ms
130 timing metavuln:cache:get:security-advisory:ascii-art-ansi:bnrwuRnGpu4SBNXOXHbZjo2/GPArXD37qmu0MSYVxc/105bO8rJ7r128PkwxbvUeXiY6amZ7lPxeUAckPYJWUg== Completed in 2ms
131 http fetch GET 200 https://registry.npmjs.org/ascii-art-ansi 5ms (cache hit)
132 timing metavuln:packument:ascii-art-ansi Completed in 6ms
133 timing metavuln:load:security-advisory:ascii-art-ansi:4Ig87R3VbwlDqckaQhdA+AL/dHllegg2eDdDY9eDIgHn8z1YAeMK4x2o5LWT/GbH57KDsMuCI22SrSLOB82XLQ== Completed in 0ms
134 timing metavuln:calculate:security-advisory:ascii-art-ansi:4Ig87R3VbwlDqckaQhdA+AL/dHllegg2eDdDY9eDIgHn8z1YAeMK4x2o5LWT/GbH57KDsMuCI22SrSLOB82XLQ== Completed in 7ms
135 timing metavuln:cache:get:security-advisory:d3:fJMZ0j5RWVovfTk+TttEfWre4Y5heaySmac2+JpwKd2qr7nJ0YKVMvDxb0rKN9Jo5BG77I4CM7BExyoNle3tLQ== Completed in 10ms
136 timing metavuln:load:security-advisory:d3:/0c0NbpifkPwYK9Wc12lWCuekF3egfwQpU2vPvU1z9YtPOYhtO7tT+WkboXD+VCbMPJ5HjjePH/MBwCF4GihdQ== Completed in 3ms
137 timing metavuln:calculate:security-advisory:d3:/0c0NbpifkPwYK9Wc12lWCuekF3egfwQpU2vPvU1z9YtPOYhtO7tT+WkboXD+VCbMPJ5HjjePH/MBwCF4GihdQ== Completed in 13ms
138 timing metavuln:cache:get:security-advisory:d3-brush:YRwhgeRn7AFBRXR5hQ6GNEvJvSz1pe5WeXtAjzBofNcN/RaCX/Z4dWPI0eUMhbCuK/hxX8nzqYsE968qOLWpew== Completed in 13ms
139 timing metavuln:cache:get:security-advisory:d3-scale:Ed3OTeqPJFip9ejVFpMWhaSkEDEVzXOLC3myQxoQ8OAEJetWIlqim9FmQNm/iDIq1clc7eICIOTZlHt6+BRWdg== Completed in 12ms
140 timing metavuln:cache:get:security-advisory:d3-scale-chromatic:WbPlulqdHPOwtGT/40JwJxEtssW3aa733j3DzlBOUI5dPjpYMZX1dMf6WcAPQ9JbwVLUm7LCdbip/XYtPpf1hA== Completed in 12ms
141 timing metavuln:load:security-advisory:d3-scale-chromatic:/0c0NbpifkPwYK9Wc12lWCuekF3egfwQpU2vPvU1z9YtPOYhtO7tT+WkboXD+VCbMPJ5HjjePH/MBwCF4GihdQ== Completed in 0ms
142 timing metavuln:calculate:security-advisory:d3-scale-chromatic:/0c0NbpifkPwYK9Wc12lWCuekF3egfwQpU2vPvU1z9YtPOYhtO7tT+WkboXD+VCbMPJ5HjjePH/MBwCF4GihdQ== Completed in 12ms
143 timing metavuln:cache:get:security-advisory:d3-transition:J0X1CsqSmS+XhYkFKqm+BivMRkiLNw2PsCJ65+FZkba+kVHiV4i6AnGF9n6a/jfDA1JZnJP43qEJn+aqJodr4w== Completed in 12ms
144 timing metavuln:load:security-advisory:d3-transition:/0c0NbpifkPwYK9Wc12lWCuekF3egfwQpU2vPvU1z9YtPOYhtO7tT+WkboXD+VCbMPJ5HjjePH/MBwCF4GihdQ== Completed in 0ms
145 timing metavuln:calculate:security-advisory:d3-transition:/0c0NbpifkPwYK9Wc12lWCuekF3egfwQpU2vPvU1z9YtPOYhtO7tT+WkboXD+VCbMPJ5HjjePH/MBwCF4GihdQ== Completed in 12ms
146 timing metavuln:cache:get:security-advisory:d3-zoom:eHGtrxRYjxhCmzSv/zrfYYoEuaOhtckXj8YChuEVd9DZP/XAtjuZgRyoyZdHq9rgcUXO0WxzOWvcSrf3vK+3dg== Completed in 12ms
147 http fetch GET 200 https://registry.npmjs.org/d3-brush 20ms (cache hit)
148 timing metavuln:packument:d3-brush Completed in 21ms
149 timing metavuln:load:security-advisory:d3-brush:/0c0NbpifkPwYK9Wc12lWCuekF3egfwQpU2vPvU1z9YtPOYhtO7tT+WkboXD+VCbMPJ5HjjePH/MBwCF4GihdQ== Completed in 1ms
150 timing metavuln:calculate:security-advisory:d3-brush:/0c0NbpifkPwYK9Wc12lWCuekF3egfwQpU2vPvU1z9YtPOYhtO7tT+WkboXD+VCbMPJ5HjjePH/MBwCF4GihdQ== Completed in 23ms
151 http fetch GET 200 https://registry.npmjs.org/d3-zoom 76ms (cache hit)
152 timing metavuln:packument:d3-zoom Completed in 77ms
153 timing metavuln:load:security-advisory:d3-zoom:/0c0NbpifkPwYK9Wc12lWCuekF3egfwQpU2vPvU1z9YtPOYhtO7tT+WkboXD+VCbMPJ5HjjePH/MBwCF4GihdQ== Completed in 1ms
154 timing metavuln:calculate:security-advisory:d3-zoom:/0c0NbpifkPwYK9Wc12lWCuekF3egfwQpU2vPvU1z9YtPOYhtO7tT+WkboXD+VCbMPJ5HjjePH/MBwCF4GihdQ== Completed in 78ms
155 http fetch GET 200 https://registry.npmjs.org/d3-scale 81ms (cache hit)
156 timing metavuln:packument:d3-scale Completed in 82ms
157 timing metavuln:load:security-advisory:d3-scale:/0c0NbpifkPwYK9Wc12lWCuekF3egfwQpU2vPvU1z9YtPOYhtO7tT+WkboXD+VCbMPJ5HjjePH/MBwCF4GihdQ== Completed in 0ms
158 timing metavuln:calculate:security-advisory:d3-scale:/0c0NbpifkPwYK9Wc12lWCuekF3egfwQpU2vPvU1z9YtPOYhtO7tT+WkboXD+VCbMPJ5HjjePH/MBwCF4GihdQ== Completed in 83ms
159 timing metavuln:cache:get:security-advisory:ascii-art-graph:T3AME6nq4wLcjLhbQR2b0PZp/EK9d78TSIkraGpuwndqB9GB+KJ+/NB1KtoxiCKG1iAdUUlOOw4wVmHNgA/N3A== Completed in 2ms
160 http fetch GET 200 https://registry.npmjs.org/ascii-art-graph 5ms (cache hit)
161 timing metavuln:packument:ascii-art-graph Completed in 5ms
162 timing metavuln:load:security-advisory:ascii-art-graph:nD8/rL0pimqDqzdOnh8RBlSANsQXZQcVaJ5l4tI+9rW+CZR293A/uu6fp8GkRKkePkatanrTAfN+S2RdB4eQPg== Completed in 0ms
163 timing metavuln:calculate:security-advisory:ascii-art-graph:nD8/rL0pimqDqzdOnh8RBlSANsQXZQcVaJ5l4tI+9rW+CZR293A/uu6fp8GkRKkePkatanrTAfN+S2RdB4eQPg== Completed in 5ms
164 timing metavuln:cache:get:security-advisory:d3:+XmjvXhvB34gtxFo+zn6HOmCFXOMcaAPz8ch2yQCWLkhrSTP9bNVoLqYtvEvUrco0uPm7rP99uZViI+p0/zHQw== Completed in 1ms
165 timing metavuln:load:security-advisory:d3:LEWojVFa5YFPuDB69ZvzznZ0XSA7sQAz/j6ecKiTUDNMnSZ78aYmoC9AwFwK4R9EXp3JFdgG/TCTxSmDNS2igA== Completed in 2ms
166 timing metavuln:calculate:security-advisory:d3:LEWojVFa5YFPuDB69ZvzznZ0XSA7sQAz/j6ecKiTUDNMnSZ78aYmoC9AwFwK4R9EXp3JFdgG/TCTxSmDNS2igA== Completed in 4ms
167 timing metavuln:cache:get:security-advisory:d3:vflq86lNfG12e6Tl0VkPCkw+/bdZ3jaTv5l9zaU5/Gb5RtefKyeIYdIUhgq8YjbmYUb8DkVkI8mWz9gnrT0Gqg== Completed in 3ms
168 timing metavuln:load:security-advisory:d3:a7EqjKFx6XJgOZ7nJ58IpWH2G89VNRpzpxFL7SjBAx93Rlbb6jYPJk9Xgb9+Ax+7unBh6EzCUtsq00AzblrWlQ== Completed in 2ms
169 timing metavuln:calculate:security-advisory:d3:a7EqjKFx6XJgOZ7nJ58IpWH2G89VNRpzpxFL7SjBAx93Rlbb6jYPJk9Xgb9+Ax+7unBh6EzCUtsq00AzblrWlQ== Completed in 5ms
170 timing metavuln:cache:get:security-advisory:d3-brush:XuiUaMtdn43WCwMvCFZTdYXyJIJXEA7fmZYMMh2OwWQrTvP85Ka+C3X2C3qM1kcBrWjoZaDdGwY0mkAMUZpHUw== Completed in 6ms
171 timing metavuln:load:security-advisory:d3-brush:a7EqjKFx6XJgOZ7nJ58IpWH2G89VNRpzpxFL7SjBAx93Rlbb6jYPJk9Xgb9+Ax+7unBh6EzCUtsq00AzblrWlQ== Completed in 0ms
172 timing metavuln:calculate:security-advisory:d3-brush:a7EqjKFx6XJgOZ7nJ58IpWH2G89VNRpzpxFL7SjBAx93Rlbb6jYPJk9Xgb9+Ax+7unBh6EzCUtsq00AzblrWlQ== Completed in 6ms
173 timing metavuln:cache:get:security-advisory:d3-zoom:1hh19LN4MEECkX4XH5qidMdE4S2wHhl6C+xrR9LpuLey5eCYsE+svXH3EoZZu5ljlVvys0AvvtQQyZsg1DnO8Q== Completed in 7ms
174 timing metavuln:load:security-advisory:d3-zoom:a7EqjKFx6XJgOZ7nJ58IpWH2G89VNRpzpxFL7SjBAx93Rlbb6jYPJk9Xgb9+Ax+7unBh6EzCUtsq00AzblrWlQ== Completed in 0ms
175 timing metavuln:calculate:security-advisory:d3-zoom:a7EqjKFx6XJgOZ7nJ58IpWH2G89VNRpzpxFL7SjBAx93Rlbb6jYPJk9Xgb9+Ax+7unBh6EzCUtsq00AzblrWlQ== Completed in 8ms
176 timing metavuln:cache:get:security-advisory:load-bmfont:yG/pa2Z5PfeKciUkIj1bkaEIoFfta2y6QNYQsdja29bmM4TU30WvZto+JU9Nr/txDmQ3u9Fy9Zu+LmSlT8RyGQ== Completed in 3ms
177 http fetch GET 200 https://registry.npmjs.org/load-bmfont 6ms (cache hit)
178 timing metavuln:packument:load-bmfont Completed in 8ms
179 timing metavuln:load:security-advisory:load-bmfont:IxH3x07FnyhLVt2wQ0GULuupSzWQYCGNj/EdtjELcJk25Ehzy/6EbsqfW1g60G0t8w6umlL5YUAPRyTJC/suuw== Completed in 0ms
180 timing metavuln:calculate:security-advisory:load-bmfont:IxH3x07FnyhLVt2wQ0GULuupSzWQYCGNj/EdtjELcJk25Ehzy/6EbsqfW1g60G0t8w6umlL5YUAPRyTJC/suuw== Completed in 8ms
181 timing metavuln:cache:get:security-advisory:ascii-art:Kf18eM2cdVcONj7MIhmOoB5Jzkwv8Qk321zxMsy2PA0ukevHOevQYp98xKCBNMcgouWuF0cHDkSnTw08xTpz6w== Completed in 72ms
182 timing metavuln:cache:get:security-advisory:ascii-art-graph:2QZwXGgm8FfyGGOKhCynpwihEHKmUSK/2h0VnL7NeHyxfjOq82J08QNIRRu3E43QeAwbq2sn30j20/7FTrnX3g== Completed in 71ms
183 timing metavuln:load:security-advisory:ascii-art-graph:bnrwuRnGpu4SBNXOXHbZjo2/GPArXD37qmu0MSYVxc/105bO8rJ7r128PkwxbvUeXiY6amZ7lPxeUAckPYJWUg== Completed in 0ms
184 timing metavuln:calculate:security-advisory:ascii-art-graph:bnrwuRnGpu4SBNXOXHbZjo2/GPArXD37qmu0MSYVxc/105bO8rJ7r128PkwxbvUeXiY6amZ7lPxeUAckPYJWUg== Completed in 71ms
185 timing metavuln:cache:get:security-advisory:ascii-art-image:+zLB4si6OLiEOgsICNEU/n/5gU3/hdx1tfWLpct70EwubK1JUqNss6urdD9UJxW89FcFaDaZsV9oKxSNhu0USQ== Completed in 72ms
186 timing metavuln:cache:get:security-advisory:ascii-art-table:khz2fIZa27AV1mdiG3NbRqQ3COJkr6s+S2mFPykrIww+79zBxSMIiyZD7x85mpOte2Vqm1/s7O3tmEz6044i+A== Completed in 71ms
187 timing metavuln:cache:get:security-advisory:ascii-art-utf:xfEUUYV9/2RVkx6eMZ+qCAfZKDjuaY+YdEXEf1kKeuXIZd8V89HYaY5XYO7QANGt/GQM2QaMgaKqf3n31O73xg== Completed in 72ms
188 http fetch GET 200 https://registry.npmjs.org/ascii-art-utf 79ms (cache hit)
189 timing metavuln:packument:ascii-art-utf Completed in 79ms
190 timing metavuln:load:security-advisory:ascii-art-utf:bnrwuRnGpu4SBNXOXHbZjo2/GPArXD37qmu0MSYVxc/105bO8rJ7r128PkwxbvUeXiY6amZ7lPxeUAckPYJWUg== Completed in 0ms
191 timing metavuln:calculate:security-advisory:ascii-art-utf:bnrwuRnGpu4SBNXOXHbZjo2/GPArXD37qmu0MSYVxc/105bO8rJ7r128PkwxbvUeXiY6amZ7lPxeUAckPYJWUg== Completed in 80ms
192 http fetch GET 200 https://registry.npmjs.org/ascii-art 83ms (cache hit)
193 timing metavuln:packument:ascii-art Completed in 84ms
194 timing metavuln:load:security-advisory:ascii-art:bnrwuRnGpu4SBNXOXHbZjo2/GPArXD37qmu0MSYVxc/105bO8rJ7r128PkwxbvUeXiY6amZ7lPxeUAckPYJWUg== Completed in 1ms
195 timing metavuln:calculate:security-advisory:ascii-art:bnrwuRnGpu4SBNXOXHbZjo2/GPArXD37qmu0MSYVxc/105bO8rJ7r128PkwxbvUeXiY6amZ7lPxeUAckPYJWUg== Completed in 85ms
196 http fetch GET 200 https://registry.npmjs.org/ascii-art-image 84ms (cache hit)
197 timing metavuln:packument:ascii-art-image Completed in 85ms
198 timing metavuln:load:security-advisory:ascii-art-image:bnrwuRnGpu4SBNXOXHbZjo2/GPArXD37qmu0MSYVxc/105bO8rJ7r128PkwxbvUeXiY6amZ7lPxeUAckPYJWUg== Completed in 0ms
199 timing metavuln:calculate:security-advisory:ascii-art-image:bnrwuRnGpu4SBNXOXHbZjo2/GPArXD37qmu0MSYVxc/105bO8rJ7r128PkwxbvUeXiY6amZ7lPxeUAckPYJWUg== Completed in 85ms
200 http fetch GET 200 https://registry.npmjs.org/ascii-art-table 85ms (cache hit)
201 timing metavuln:packument:ascii-art-table Completed in 85ms
202 timing metavuln:load:security-advisory:ascii-art-table:bnrwuRnGpu4SBNXOXHbZjo2/GPArXD37qmu0MSYVxc/105bO8rJ7r128PkwxbvUeXiY6amZ7lPxeUAckPYJWUg== Completed in 0ms
203 timing metavuln:calculate:security-advisory:ascii-art-table:bnrwuRnGpu4SBNXOXHbZjo2/GPArXD37qmu0MSYVxc/105bO8rJ7r128PkwxbvUeXiY6amZ7lPxeUAckPYJWUg== Completed in 85ms
204 timing metavuln:cache:get:security-advisory:d3:wIpoUjrVovBAKrj90IEkz8gvXyoCMY3cH/1kl7LvEN7/eU4lqNQEhxM7sCcV9c+qy6LRCOArCIvdFMwjIX15Xg== Completed in 2ms
205 timing metavuln:load:security-advisory:d3:YRwhgeRn7AFBRXR5hQ6GNEvJvSz1pe5WeXtAjzBofNcN/RaCX/Z4dWPI0eUMhbCuK/hxX8nzqYsE968qOLWpew== Completed in 2ms
206 timing metavuln:calculate:security-advisory:d3:YRwhgeRn7AFBRXR5hQ6GNEvJvSz1pe5WeXtAjzBofNcN/RaCX/Z4dWPI0eUMhbCuK/hxX8nzqYsE968qOLWpew== Completed in 4ms
207 timing metavuln:cache:get:security-advisory:d3:nHHy9jqBLAz1K0E9194lYcDGSNEiz7uUP/uSr+abihoc1hbuaqrladEWcRXK4Ky/uRRqaiEkJ56JGD4wacPf6A== Completed in 2ms
208 timing metavuln:load:security-advisory:d3:eHGtrxRYjxhCmzSv/zrfYYoEuaOhtckXj8YChuEVd9DZP/XAtjuZgRyoyZdHq9rgcUXO0WxzOWvcSrf3vK+3dg== Completed in 2ms
209 timing metavuln:calculate:security-advisory:d3:eHGtrxRYjxhCmzSv/zrfYYoEuaOhtckXj8YChuEVd9DZP/XAtjuZgRyoyZdHq9rgcUXO0WxzOWvcSrf3vK+3dg== Completed in 5ms
210 timing metavuln:cache:get:security-advisory:d3:6zDgYeUZLBpoG/M6lVN57mw28h2Eo7xxCiFaU75VIS8adtXf4hCp6z6RDU+m4RuPA5/ftu/MGCjsvFpVrIlmSA== Completed in 5ms
211 timing metavuln:load:security-advisory:d3:Ed3OTeqPJFip9ejVFpMWhaSkEDEVzXOLC3myQxoQ8OAEJetWIlqim9FmQNm/iDIq1clc7eICIOTZlHt6+BRWdg== Completed in 65ms
212 timing metavuln:calculate:security-advisory:d3:Ed3OTeqPJFip9ejVFpMWhaSkEDEVzXOLC3myQxoQ8OAEJetWIlqim9FmQNm/iDIq1clc7eICIOTZlHt6+BRWdg== Completed in 70ms
213 timing metavuln:cache:get:security-advisory:ascii-art:CNkWGXDLnu3wLF2y+v8i5zU2xUWsjgrDbD4T+yuVNRwU3Zaib1FVKY4tn8rz/rRYXGKWLJUfhouB5liKfoV0gQ== Completed in 3ms
214 timing metavuln:load:security-advisory:ascii-art:T3AME6nq4wLcjLhbQR2b0PZp/EK9d78TSIkraGpuwndqB9GB+KJ+/NB1KtoxiCKG1iAdUUlOOw4wVmHNgA/N3A== Completed in 0ms
215 timing metavuln:calculate:security-advisory:ascii-art:T3AME6nq4wLcjLhbQR2b0PZp/EK9d78TSIkraGpuwndqB9GB+KJ+/NB1KtoxiCKG1iAdUUlOOw4wVmHNgA/N3A== Completed in 3ms
216 timing metavuln:cache:get:security-advisory:@jimp/plugin-print:SdTwffRX4azVVftrz70UadGla2VUyWv2Ewc9pSNyTqsSc+J2IOU91kz9GwXU4toI6rNEJod0F/PCDVefYLCnGQ== Completed in 6ms
217 timing metavuln:cache:get:security-advisory:@jimp/core:4SjNu5cvUcXI+gHrTLo9yklVQe2ymZBtZBiOvEsr1C3ddn+OpcEELUM6Puzb6YYn0By2hGNgeAnESPG7GAAHEQ== Completed in 5ms
218 http fetch GET 200 https://registry.npmjs.org/@jimp%2fcore 10ms (cache hit)
219 timing metavuln:packument:@jimp/core Completed in 13ms
220 timing metavuln:load:security-advisory:@jimp/core:yG/pa2Z5PfeKciUkIj1bkaEIoFfta2y6QNYQsdja29bmM4TU30WvZto+JU9Nr/txDmQ3u9Fy9Zu+LmSlT8RyGQ== Completed in 3ms
221 timing metavuln:calculate:security-advisory:@jimp/core:yG/pa2Z5PfeKciUkIj1bkaEIoFfta2y6QNYQsdja29bmM4TU30WvZto+JU9Nr/txDmQ3u9Fy9Zu+LmSlT8RyGQ== Completed in 16ms
222 http fetch GET 200 https://registry.npmjs.org/@jimp%2fplugin-print 18ms (cache hit)
223 timing metavuln:packument:@jimp/plugin-print Completed in 21ms
224 timing metavuln:load:security-advisory:@jimp/plugin-print:yG/pa2Z5PfeKciUkIj1bkaEIoFfta2y6QNYQsdja29bmM4TU30WvZto+JU9Nr/txDmQ3u9Fy9Zu+LmSlT8RyGQ== Completed in 3ms
225 timing metavuln:calculate:security-advisory:@jimp/plugin-print:yG/pa2Z5PfeKciUkIj1bkaEIoFfta2y6QNYQsdja29bmM4TU30WvZto+JU9Nr/txDmQ3u9Fy9Zu+LmSlT8RyGQ== Completed in 24ms
226 timing metavuln:cache:get:security-advisory:ascii-art:0LIgkzO9IppagGZf8/GdVouQMBQs7TovjG8llJ4uwEpYqMF0m/Ng65RohglRymLwRXyabELDIvp8BsYeZHN35Q== Completed in 1ms
227 timing metavuln:load:security-advisory:ascii-art:xfEUUYV9/2RVkx6eMZ+qCAfZKDjuaY+YdEXEf1kKeuXIZd8V89HYaY5XYO7QANGt/GQM2QaMgaKqf3n31O73xg== Completed in 0ms
228 timing metavuln:calculate:security-advisory:ascii-art:xfEUUYV9/2RVkx6eMZ+qCAfZKDjuaY+YdEXEf1kKeuXIZd8V89HYaY5XYO7QANGt/GQM2QaMgaKqf3n31O73xg== Completed in 1ms
229 timing metavuln:cache:get:security-advisory:ascii-art:nxmTaxbFRmVrD752C3c9WfXkIHvA5NGQ5RZ3RXaAKp6BrdtgwkN3JPi6YUn+Hx8A5c4x9861/Jq43QpVDpuuSQ== Completed in 3ms
230 timing metavuln:load:security-advisory:ascii-art:+zLB4si6OLiEOgsICNEU/n/5gU3/hdx1tfWLpct70EwubK1JUqNss6urdD9UJxW89FcFaDaZsV9oKxSNhu0USQ== Completed in 0ms
231 timing metavuln:calculate:security-advisory:ascii-art:+zLB4si6OLiEOgsICNEU/n/5gU3/hdx1tfWLpct70EwubK1JUqNss6urdD9UJxW89FcFaDaZsV9oKxSNhu0USQ== Completed in 3ms
232 timing metavuln:cache:get:security-advisory:ascii-art:Py5EO6c2upQ0dCg3jRHNv0gc6FpU2oImee/5A/CjgEaSuH757Z7Q0lWOqP+Jr4Z5UQ3rbQu1JXD+Lk2GSrsGVg== Completed in 1ms
233 timing metavuln:load:security-advisory:ascii-art:khz2fIZa27AV1mdiG3NbRqQ3COJkr6s+S2mFPykrIww+79zBxSMIiyZD7x85mpOte2Vqm1/s7O3tmEz6044i+A== Completed in 0ms
234 timing metavuln:calculate:security-advisory:ascii-art:khz2fIZa27AV1mdiG3NbRqQ3COJkr6s+S2mFPykrIww+79zBxSMIiyZD7x85mpOte2Vqm1/s7O3tmEz6044i+A== Completed in 2ms
235 timing metavuln:cache:get:security-advisory:@jimp/custom:+xCJZ2w2PkxbnvhNL1MEvbooxTKotonJyQAGUQ6Qs4PO/3PNuvTzgFXHEaVGfgTfZNb9qPqS+e7rgQZu1jQMKg== Completed in 4ms
236 http fetch GET 200 https://registry.npmjs.org/@jimp%2fcustom 7ms (cache hit)
237 timing metavuln:packument:@jimp/custom Completed in 10ms
238 timing metavuln:load:security-advisory:@jimp/custom:4SjNu5cvUcXI+gHrTLo9yklVQe2ymZBtZBiOvEsr1C3ddn+OpcEELUM6Puzb6YYn0By2hGNgeAnESPG7GAAHEQ== Completed in 3ms
239 timing metavuln:calculate:security-advisory:@jimp/custom:4SjNu5cvUcXI+gHrTLo9yklVQe2ymZBtZBiOvEsr1C3ddn+OpcEELUM6Puzb6YYn0By2hGNgeAnESPG7GAAHEQ== Completed in 14ms
240 timing metavuln:cache:get:security-advisory:@jimp/plugins:pkd/zeeXXCZno++k0iZybS3qsFLDSrAwMFd62pkRgz1/rfF4Mc0O8B+t/c4LtC0jhTm6K/Irp75KxOF1gevtaw== Completed in 4ms
241 http fetch GET 200 https://registry.npmjs.org/@jimp%2fplugins 8ms (cache hit)
242 timing metavuln:packument:@jimp/plugins Completed in 12ms
243 timing metavuln:load:security-advisory:@jimp/plugins:SdTwffRX4azVVftrz70UadGla2VUyWv2Ewc9pSNyTqsSc+J2IOU91kz9GwXU4toI6rNEJod0F/PCDVefYLCnGQ== Completed in 4ms
244 timing metavuln:calculate:security-advisory:@jimp/plugins:SdTwffRX4azVVftrz70UadGla2VUyWv2Ewc9pSNyTqsSc+J2IOU91kz9GwXU4toI6rNEJod0F/PCDVefYLCnGQ== Completed in 17ms
245 timing metavuln:cache:get:security-advisory:@jimp/bmp:m6yYkhWogZu4lMdcp+s9CK1DVaGdgjj+XgIShgz4pruQ8jShyOJWdicPN3u70vhWvDqSibAH1KQulVHgSm33eA== Completed in 173ms
246 timing metavuln:cache:get:security-advisory:@jimp/gif:1GCuD4JFC/ufmTHA5REry6Iolk56GJq5zR0NRaDJZt/TdrSi1B94J+pYQdNl7b3dGelsbl36EWhp0W7dg60fZg== Completed in 172ms
247 timing metavuln:cache:get:security-advisory:@jimp/jpeg:mfkF8st3ZkjolDeg71gjifbQrmQOo0y765ctnTUZkOAXEqyXedRfWZl52Sx9TTx8qNtH+RwKAYUy25J62Uff+g== Completed in 171ms
248 timing metavuln:cache:get:security-advisory:@jimp/plugin-blit:8kgSNo3WpjKIOxs00olBoHZEXT29n5tLWaiZKcETu0riDOuewAUEyqwphsxe9dkRVB6kH6ffh0eP19EWAUTUGw== Completed in 169ms
249 timing metavuln:cache:get:security-advisory:@jimp/plugin-blur:tb3RhL4spiI6D1jgMJLx3WhPbQybAHVAHLcczFCjxT9KrkOZ43kpByPhcn36Q0NTANxNDcFSynHQpgaaN54vnQ== Completed in 169ms
250 timing metavuln:cache:get:security-advisory:@jimp/plugin-circle:0y7uYzL0quASupFYn82n3ytOl27r0DPJSqZr1CeEF+oahTVwUBlTZGaAwPyHCVB1Oa295lJFml54HMa6IDIwWA== Completed in 117ms
251 timing metavuln:cache:get:security-advisory:@jimp/plugin-color:WOccqI5YEQZEeN8cNGoy0wbcxKMQm4yZd862LcTtFhhgC7OYS1+brhTjQs15k2tUjVoanV1Hvb6WYNAOg4QhEw== Completed in 116ms
252 timing metavuln:cache:get:security-advisory:@jimp/plugin-contain:OTPnMDp4RKBbWDFZM3RYMUNTLdD9vXeP5ObdC30yi7+kwy/go0g8RkYmL5P2+tmVEI+Cy1BhnAih884bsezUwg== Completed in 115ms
253 timing metavuln:cache:get:security-advisory:@jimp/plugin-cover:bGO75/kXZnwOAwoHLCSxYxxMjW0QkM5PkMQggwjV/auQY3xYLyqjCj+Niy3bb4NcXFud6L//1rldfOzbMF2h/g== Completed in 115ms
254 timing metavuln:cache:get:security-advisory:@jimp/plugin-crop:FtlKlMU9M4N1t/VWv6wCfCOMUEzhD0lZe9cT0hhjlosKaTpQvbO/B4wOmwgQ7CNaCYumwRzn5FN/57FIxE5SFg== Completed in 113ms
255 timing metavuln:cache:get:security-advisory:@jimp/plugin-displace:+XxrIpr+wQE16iAKqXknlYvWWamOy4nk/ABSkYtCHt6LDFp8+V4HJdK8M/mg8C7V3cG8ZGBU2+UQOL8h6dnsWA== Completed in 112ms
256 timing metavuln:cache:get:security-advisory:@jimp/plugin-dither:HZVhR9E6c/IRYSTFJmVzhWXgATixjq9rgk2ooJW+nZ3exFmPCFS4Hdusw+FgsAm8tK1wy+Rp8eA0JOojkBs9Uw== Completed in 112ms
257 timing metavuln:cache:get:security-advisory:@jimp/plugin-fisheye:5HtwUhNafftwVLly2s3+wPQGc+ZO70y1zX19GBhDOrZWkLzD6gEnVHR2stkPsWDEYBDqgBbINJeHFY9/cgISkg== Completed in 111ms
258 timing metavuln:cache:get:security-advisory:@jimp/plugin-flip:DuwZxdZ71wT64x1jmgxZCkXesZRWIqa31PK7yFmJhaQ5mesDsA1ULmqw9aKmFNIXFbfercaWX2puDUHNW3tbWg== Completed in 110ms
259 timing metavuln:cache:get:security-advisory:@jimp/plugin-gaussian:Zi7uzAMzhqy5idVJ6fPgFecitTU696hW6eK1EgVaA19YVrArrb8tdLFc+p1M4z62RHStbJoqJ09nhVQwu4IFGA== Completed in 111ms
260 timing metavuln:cache:get:security-advisory:@jimp/plugin-invert:AsGoP3X7zbNQ7cU5mVQwhn/PN40L3fEoYgtBAb3zkhaK7pE8OqJTTUhyqU6gRIMjMUgDCf780HKdILqedGGUUg== Completed in 110ms
261 timing metavuln:cache:get:security-advisory:@jimp/plugin-mask:IluNQaoO1W4aH45Btyop1nIelsgsjknE5Xt+l7myESnpDB8SwxA8cYafvnjXg2SPuZRq7fQxCf/2Af36AZzypA== Completed in 108ms
262 timing metavuln:cache:get:security-advisory:@jimp/plugin-normalize:VxBAYLPBCv8c68BVQjsgygdRwa5HN5GicxDYnhXWYH0JB0nXGjZxGgWf741zepvWFNeljxJSNxmtEK5Xd4VP0Q== Completed in 108ms
263 timing metavuln:cache:get:security-advisory:@jimp/plugin-print:dVLw6v8nlHTdQHY0qr+ieyLb/mYhNtp7/7HAhIzO7LeqJNzW9JUKDmMknqo+Kp488y5sqisXMJfkEP6Ddn+cYg== Completed in 107ms
264 timing metavuln:load:security-advisory:@jimp/plugin-print:+xCJZ2w2PkxbnvhNL1MEvbooxTKotonJyQAGUQ6Qs4PO/3PNuvTzgFXHEaVGfgTfZNb9qPqS+e7rgQZu1jQMKg== Completed in 3ms
265 timing metavuln:calculate:security-advisory:@jimp/plugin-print:+xCJZ2w2PkxbnvhNL1MEvbooxTKotonJyQAGUQ6Qs4PO/3PNuvTzgFXHEaVGfgTfZNb9qPqS+e7rgQZu1jQMKg== Completed in 110ms
266 timing metavuln:cache:get:security-advisory:@jimp/plugin-resize:wlUBJDUmoPjqTSVAouv9/FTP2gMrhLlWgSQyseJY4+jtz4VKE1yR8u0Yg5cJUEeT7tfcHjW8uC1PZbrt235mVA== Completed in 117ms
267 timing metavuln:cache:get:security-advisory:@jimp/plugin-rotate:YnbdWbh1iP8xFW++nJgiPVQGLy3LBLmoGUHMywZG/6slQSXzj3fgStVG7pbDI8YcQs4Z6C7GWbfG8VudSqdCNA== Completed in 117ms
268 timing metavuln:cache:get:security-advisory:@jimp/plugin-shadow:QeDEx9fGOUMIOotbDiQNXtgRgiDk9FpT1/kLBsqvMgqepWLE3vlPnNXFBX+gpa0tR69FaLEPpsf8iyZBrkiLnA== Completed in 115ms
269 timing metavuln:cache:get:security-advisory:@jimp/plugin-scale:vyLhHuIo2vSbbUnrlI9pYJU58/qrMXdMg53tzqFBv8nYHMgGN7x04fpGyNkHzNBheo5dpibqOD7bkk3h/BXsyQ== Completed in 117ms
270 timing metavuln:cache:get:security-advisory:@jimp/plugin-threshold:8MRRTOZQYZvqN8oAA0LEjAuAF78aD22xRxcNCdQv9tES8hecFWSJhgf0RbefFdjliV5olotYeICZ9BhKvc3QbA== Completed in 114ms
271 timing metavuln:cache:get:security-advisory:@jimp/plugins:60Mo0Fcy0DPm2b08Ah/zBuJ2ksL8M2ZxnLGsjwQXVNq7m1+VvrUFIHbPh/DwQXsr3A9Q9x5lfgDUEym+1SNN7Q== Completed in 113ms
272 timing metavuln:load:security-advisory:@jimp/plugins:+xCJZ2w2PkxbnvhNL1MEvbooxTKotonJyQAGUQ6Qs4PO/3PNuvTzgFXHEaVGfgTfZNb9qPqS+e7rgQZu1jQMKg== Completed in 1ms
273 timing metavuln:calculate:security-advisory:@jimp/plugins:+xCJZ2w2PkxbnvhNL1MEvbooxTKotonJyQAGUQ6Qs4PO/3PNuvTzgFXHEaVGfgTfZNb9qPqS+e7rgQZu1jQMKg== Completed in 115ms
274 timing metavuln:cache:get:security-advisory:@jimp/png:LTMrTtwstCgV9r13RwtyVNAdjr6A3+dPjoAe28w4IM+wH9xBNSHJNoO+djwQNWzfwkhJsPh/VdQbz/YBjudkhA== Completed in 115ms
275 timing metavuln:cache:get:security-advisory:@jimp/tiff:kN3XaqMNQcM1T6GKoE4ivIlqmzD6k+KSmPpMfm6qaUoqU9y7PfTU/DTrq0uRFxRPNL4b82Jp53dvvO1HFLeyig== Completed in 115ms
276 timing metavuln:cache:get:security-advisory:@jimp/types:uEIbrTU1O2D6fzrDlWAKHQend2P4mChturpimmpUtFynFQ6884e4HRZDRGOIw3Lo9lzxkkhueIMQ+zAuuPXBJw== Completed in 114ms
277 timing metavuln:cache:get:security-advisory:jimp:WhzasLIXCOMShY85NurelmrwsBdlzRHZht89rsfJwTS+2lMYebb5cEZVNgL2Eyq5naXRfosY5SDYXMSBWsvELQ== Completed in 113ms
278 http fetch GET 200 https://registry.npmjs.org/@jimp%2fgif 475ms (cache hit)
279 timing metavuln:packument:@jimp/gif Completed in 478ms
280 timing metavuln:load:security-advisory:@jimp/gif:+xCJZ2w2PkxbnvhNL1MEvbooxTKotonJyQAGUQ6Qs4PO/3PNuvTzgFXHEaVGfgTfZNb9qPqS+e7rgQZu1jQMKg== Completed in 2ms
281 timing metavuln:calculate:security-advisory:@jimp/gif:+xCJZ2w2PkxbnvhNL1MEvbooxTKotonJyQAGUQ6Qs4PO/3PNuvTzgFXHEaVGfgTfZNb9qPqS+e7rgQZu1jQMKg== Completed in 481ms
282 http fetch GET 200 https://registry.npmjs.org/@jimp%2fplugin-blur 475ms (cache hit)
283 timing metavuln:packument:@jimp/plugin-blur Completed in 480ms
284 timing metavuln:load:security-advisory:@jimp/plugin-blur:+xCJZ2w2PkxbnvhNL1MEvbooxTKotonJyQAGUQ6Qs4PO/3PNuvTzgFXHEaVGfgTfZNb9qPqS+e7rgQZu1jQMKg== Completed in 1ms
285 timing metavuln:calculate:security-advisory:@jimp/plugin-blur:+xCJZ2w2PkxbnvhNL1MEvbooxTKotonJyQAGUQ6Qs4PO/3PNuvTzgFXHEaVGfgTfZNb9qPqS+e7rgQZu1jQMKg== Completed in 482ms
286 http fetch GET 200 https://registry.npmjs.org/@jimp%2fplugin-color 429ms (cache hit)
287 timing metavuln:packument:@jimp/plugin-color Completed in 431ms
288 timing metavuln:load:security-advisory:@jimp/plugin-color:+xCJZ2w2PkxbnvhNL1MEvbooxTKotonJyQAGUQ6Qs4PO/3PNuvTzgFXHEaVGfgTfZNb9qPqS+e7rgQZu1jQMKg== Completed in 1ms
289 timing metavuln:calculate:security-advisory:@jimp/plugin-color:+xCJZ2w2PkxbnvhNL1MEvbooxTKotonJyQAGUQ6Qs4PO/3PNuvTzgFXHEaVGfgTfZNb9qPqS+e7rgQZu1jQMKg== Completed in 434ms
290 http fetch GET 200 https://registry.npmjs.org/@jimp%2fplugin-circle 500ms (cache hit)
291 timing metavuln:packument:@jimp/plugin-circle Completed in 502ms
292 timing metavuln:load:security-advisory:@jimp/plugin-circle:+xCJZ2w2PkxbnvhNL1MEvbooxTKotonJyQAGUQ6Qs4PO/3PNuvTzgFXHEaVGfgTfZNb9qPqS+e7rgQZu1jQMKg== Completed in 2ms
293 timing metavuln:calculate:security-advisory:@jimp/plugin-circle:+xCJZ2w2PkxbnvhNL1MEvbooxTKotonJyQAGUQ6Qs4PO/3PNuvTzgFXHEaVGfgTfZNb9qPqS+e7rgQZu1jQMKg== Completed in 505ms
294 http fetch GET 200 https://registry.npmjs.org/@jimp%2fplugin-contain 503ms (cache hit)
295 timing metavuln:packument:@jimp/plugin-contain Completed in 506ms
296 timing metavuln:load:security-advisory:@jimp/plugin-contain:+xCJZ2w2PkxbnvhNL1MEvbooxTKotonJyQAGUQ6Qs4PO/3PNuvTzgFXHEaVGfgTfZNb9qPqS+e7rgQZu1jQMKg== Completed in 1ms
297 timing metavuln:calculate:security-advisory:@jimp/plugin-contain:+xCJZ2w2PkxbnvhNL1MEvbooxTKotonJyQAGUQ6Qs4PO/3PNuvTzgFXHEaVGfgTfZNb9qPqS+e7rgQZu1jQMKg== Completed in 507ms
298 http fetch GET 200 https://registry.npmjs.org/@jimp%2fplugin-blit 563ms (cache hit)
299 timing metavuln:packument:@jimp/plugin-blit Completed in 566ms
300 timing metavuln:load:security-advisory:@jimp/plugin-blit:+xCJZ2w2PkxbnvhNL1MEvbooxTKotonJyQAGUQ6Qs4PO/3PNuvTzgFXHEaVGfgTfZNb9qPqS+e7rgQZu1jQMKg== Completed in 2ms
301 timing metavuln:calculate:security-advisory:@jimp/plugin-blit:+xCJZ2w2PkxbnvhNL1MEvbooxTKotonJyQAGUQ6Qs4PO/3PNuvTzgFXHEaVGfgTfZNb9qPqS+e7rgQZu1jQMKg== Completed in 568ms
302 http fetch GET 200 https://registry.npmjs.org/@jimp%2fbmp 572ms (cache hit)
303 timing metavuln:packument:@jimp/bmp Completed in 575ms
304 timing metavuln:load:security-advisory:@jimp/bmp:+xCJZ2w2PkxbnvhNL1MEvbooxTKotonJyQAGUQ6Qs4PO/3PNuvTzgFXHEaVGfgTfZNb9qPqS+e7rgQZu1jQMKg== Completed in 2ms
305 timing metavuln:calculate:security-advisory:@jimp/bmp:+xCJZ2w2PkxbnvhNL1MEvbooxTKotonJyQAGUQ6Qs4PO/3PNuvTzgFXHEaVGfgTfZNb9qPqS+e7rgQZu1jQMKg== Completed in 578ms
306 http fetch GET 200 https://registry.npmjs.org/@jimp%2fplugin-displace 514ms (cache hit)
307 timing metavuln:packument:@jimp/plugin-displace Completed in 517ms
308 timing metavuln:load:security-advisory:@jimp/plugin-displace:+xCJZ2w2PkxbnvhNL1MEvbooxTKotonJyQAGUQ6Qs4PO/3PNuvTzgFXHEaVGfgTfZNb9qPqS+e7rgQZu1jQMKg== Completed in 4ms
309 timing metavuln:calculate:security-advisory:@jimp/plugin-displace:+xCJZ2w2PkxbnvhNL1MEvbooxTKotonJyQAGUQ6Qs4PO/3PNuvTzgFXHEaVGfgTfZNb9qPqS+e7rgQZu1jQMKg== Completed in 521ms
310 http fetch GET 200 https://registry.npmjs.org/@jimp%2fplugin-cover 524ms (cache hit)
311 timing metavuln:packument:@jimp/plugin-cover Completed in 527ms
312 timing metavuln:load:security-advisory:@jimp/plugin-cover:+xCJZ2w2PkxbnvhNL1MEvbooxTKotonJyQAGUQ6Qs4PO/3PNuvTzgFXHEaVGfgTfZNb9qPqS+e7rgQZu1jQMKg== Completed in 1ms
313 timing metavuln:calculate:security-advisory:@jimp/plugin-cover:+xCJZ2w2PkxbnvhNL1MEvbooxTKotonJyQAGUQ6Qs4PO/3PNuvTzgFXHEaVGfgTfZNb9qPqS+e7rgQZu1jQMKg== Completed in 529ms
314 http fetch GET 200 https://registry.npmjs.org/@jimp%2fplugin-invert 521ms (cache hit)
315 timing metavuln:packument:@jimp/plugin-invert Completed in 524ms
316 timing metavuln:load:security-advisory:@jimp/plugin-invert:+xCJZ2w2PkxbnvhNL1MEvbooxTKotonJyQAGUQ6Qs4PO/3PNuvTzgFXHEaVGfgTfZNb9qPqS+e7rgQZu1jQMKg== Completed in 2ms
317 timing metavuln:calculate:security-advisory:@jimp/plugin-invert:+xCJZ2w2PkxbnvhNL1MEvbooxTKotonJyQAGUQ6Qs4PO/3PNuvTzgFXHEaVGfgTfZNb9qPqS+e7rgQZu1jQMKg== Completed in 527ms
318 http fetch GET 200 https://registry.npmjs.org/@jimp%2fplugin-dither 530ms (cache hit)
319 timing metavuln:packument:@jimp/plugin-dither Completed in 532ms
320 timing metavuln:load:security-advisory:@jimp/plugin-dither:+xCJZ2w2PkxbnvhNL1MEvbooxTKotonJyQAGUQ6Qs4PO/3PNuvTzgFXHEaVGfgTfZNb9qPqS+e7rgQZu1jQMKg== Completed in 2ms
321 timing metavuln:calculate:security-advisory:@jimp/plugin-dither:+xCJZ2w2PkxbnvhNL1MEvbooxTKotonJyQAGUQ6Qs4PO/3PNuvTzgFXHEaVGfgTfZNb9qPqS+e7rgQZu1jQMKg== Completed in 534ms
322 http fetch GET 200 https://registry.npmjs.org/@jimp%2fplugin-gaussian 532ms (cache hit)
323 timing metavuln:packument:@jimp/plugin-gaussian Completed in 534ms
324 timing metavuln:load:security-advisory:@jimp/plugin-gaussian:+xCJZ2w2PkxbnvhNL1MEvbooxTKotonJyQAGUQ6Qs4PO/3PNuvTzgFXHEaVGfgTfZNb9qPqS+e7rgQZu1jQMKg== Completed in 1ms
325 timing metavuln:calculate:security-advisory:@jimp/plugin-gaussian:+xCJZ2w2PkxbnvhNL1MEvbooxTKotonJyQAGUQ6Qs4PO/3PNuvTzgFXHEaVGfgTfZNb9qPqS+e7rgQZu1jQMKg== Completed in 537ms
326 http fetch GET 200 https://registry.npmjs.org/@jimp%2fplugin-flip 538ms (cache hit)
327 timing metavuln:packument:@jimp/plugin-flip Completed in 592ms
328 timing metavuln:load:security-advisory:@jimp/plugin-flip:+xCJZ2w2PkxbnvhNL1MEvbooxTKotonJyQAGUQ6Qs4PO/3PNuvTzgFXHEaVGfgTfZNb9qPqS+e7rgQZu1jQMKg== Completed in 1ms
329 timing metavuln:calculate:security-advisory:@jimp/plugin-flip:+xCJZ2w2PkxbnvhNL1MEvbooxTKotonJyQAGUQ6Qs4PO/3PNuvTzgFXHEaVGfgTfZNb9qPqS+e7rgQZu1jQMKg== Completed in 594ms
330 http fetch GET 200 https://registry.npmjs.org/@jimp%2fplugin-fisheye 596ms (cache hit)
331 timing metavuln:packument:@jimp/plugin-fisheye Completed in 598ms
332 timing metavuln:load:security-advisory:@jimp/plugin-fisheye:+xCJZ2w2PkxbnvhNL1MEvbooxTKotonJyQAGUQ6Qs4PO/3PNuvTzgFXHEaVGfgTfZNb9qPqS+e7rgQZu1jQMKg== Completed in 1ms
333 timing metavuln:calculate:security-advisory:@jimp/plugin-fisheye:+xCJZ2w2PkxbnvhNL1MEvbooxTKotonJyQAGUQ6Qs4PO/3PNuvTzgFXHEaVGfgTfZNb9qPqS+e7rgQZu1jQMKg== Completed in 600ms
334 http fetch GET 200 https://registry.npmjs.org/@jimp%2fplugin-resize 594ms (cache hit)
335 timing metavuln:packument:@jimp/plugin-resize Completed in 596ms
336 timing metavuln:load:security-advisory:@jimp/plugin-resize:+xCJZ2w2PkxbnvhNL1MEvbooxTKotonJyQAGUQ6Qs4PO/3PNuvTzgFXHEaVGfgTfZNb9qPqS+e7rgQZu1jQMKg== Completed in 4ms
337 timing metavuln:calculate:security-advisory:@jimp/plugin-resize:+xCJZ2w2PkxbnvhNL1MEvbooxTKotonJyQAGUQ6Qs4PO/3PNuvTzgFXHEaVGfgTfZNb9qPqS+e7rgQZu1jQMKg== Completed in 601ms
338 http fetch GET 200 https://registry.npmjs.org/@jimp%2fplugin-rotate 601ms (cache hit)
339 timing metavuln:packument:@jimp/plugin-rotate Completed in 611ms
340 timing metavuln:load:security-advisory:@jimp/plugin-rotate:+xCJZ2w2PkxbnvhNL1MEvbooxTKotonJyQAGUQ6Qs4PO/3PNuvTzgFXHEaVGfgTfZNb9qPqS+e7rgQZu1jQMKg== Completed in 2ms
341 timing metavuln:calculate:security-advisory:@jimp/plugin-rotate:+xCJZ2w2PkxbnvhNL1MEvbooxTKotonJyQAGUQ6Qs4PO/3PNuvTzgFXHEaVGfgTfZNb9qPqS+e7rgQZu1jQMKg== Completed in 614ms
342 http fetch GET 200 https://registry.npmjs.org/@jimp%2fplugin-threshold 611ms (cache hit)
343 timing metavuln:packument:@jimp/plugin-threshold Completed in 614ms
344 timing metavuln:load:security-advisory:@jimp/plugin-threshold:+xCJZ2w2PkxbnvhNL1MEvbooxTKotonJyQAGUQ6Qs4PO/3PNuvTzgFXHEaVGfgTfZNb9qPqS+e7rgQZu1jQMKg== Completed in 3ms
345 timing metavuln:calculate:security-advisory:@jimp/plugin-threshold:+xCJZ2w2PkxbnvhNL1MEvbooxTKotonJyQAGUQ6Qs4PO/3PNuvTzgFXHEaVGfgTfZNb9qPqS+e7rgQZu1jQMKg== Completed in 617ms
346 http fetch GET 200 https://registry.npmjs.org/@jimp%2fjpeg 691ms (cache hit)
347 timing metavuln:packument:@jimp/jpeg Completed in 694ms
348 timing metavuln:load:security-advisory:@jimp/jpeg:+xCJZ2w2PkxbnvhNL1MEvbooxTKotonJyQAGUQ6Qs4PO/3PNuvTzgFXHEaVGfgTfZNb9qPqS+e7rgQZu1jQMKg== Completed in 2ms
349 timing metavuln:calculate:security-advisory:@jimp/jpeg:+xCJZ2w2PkxbnvhNL1MEvbooxTKotonJyQAGUQ6Qs4PO/3PNuvTzgFXHEaVGfgTfZNb9qPqS+e7rgQZu1jQMKg== Completed in 696ms
350 http fetch GET 200 https://registry.npmjs.org/@jimp%2fpng 622ms (cache hit)
351 timing metavuln:packument:@jimp/png Completed in 680ms
352 timing metavuln:load:security-advisory:@jimp/png:+xCJZ2w2PkxbnvhNL1MEvbooxTKotonJyQAGUQ6Qs4PO/3PNuvTzgFXHEaVGfgTfZNb9qPqS+e7rgQZu1jQMKg== Completed in 1ms
353 timing metavuln:calculate:security-advisory:@jimp/png:+xCJZ2w2PkxbnvhNL1MEvbooxTKotonJyQAGUQ6Qs4PO/3PNuvTzgFXHEaVGfgTfZNb9qPqS+e7rgQZu1jQMKg== Completed in 682ms
354 http fetch GET 200 https://registry.npmjs.org/@jimp%2fplugin-mask 690ms (cache hit)
355 timing metavuln:packument:@jimp/plugin-mask Completed in 693ms
356 timing metavuln:load:security-advisory:@jimp/plugin-mask:+xCJZ2w2PkxbnvhNL1MEvbooxTKotonJyQAGUQ6Qs4PO/3PNuvTzgFXHEaVGfgTfZNb9qPqS+e7rgQZu1jQMKg== Completed in 2ms
357 timing metavuln:calculate:security-advisory:@jimp/plugin-mask:+xCJZ2w2PkxbnvhNL1MEvbooxTKotonJyQAGUQ6Qs4PO/3PNuvTzgFXHEaVGfgTfZNb9qPqS+e7rgQZu1jQMKg== Completed in 695ms
358 http fetch GET 200 https://registry.npmjs.org/@jimp%2ftiff 686ms (cache hit)
359 timing metavuln:packument:@jimp/tiff Completed in 689ms
360 timing metavuln:load:security-advisory:@jimp/tiff:+xCJZ2w2PkxbnvhNL1MEvbooxTKotonJyQAGUQ6Qs4PO/3PNuvTzgFXHEaVGfgTfZNb9qPqS+e7rgQZu1jQMKg== Completed in 1ms
361 timing metavuln:calculate:security-advisory:@jimp/tiff:+xCJZ2w2PkxbnvhNL1MEvbooxTKotonJyQAGUQ6Qs4PO/3PNuvTzgFXHEaVGfgTfZNb9qPqS+e7rgQZu1jQMKg== Completed in 690ms
362 http fetch GET 200 https://registry.npmjs.org/@jimp%2fplugin-scale 695ms (cache hit)
363 timing metavuln:packument:@jimp/plugin-scale Completed in 698ms
364 timing metavuln:load:security-advisory:@jimp/plugin-scale:+xCJZ2w2PkxbnvhNL1MEvbooxTKotonJyQAGUQ6Qs4PO/3PNuvTzgFXHEaVGfgTfZNb9qPqS+e7rgQZu1jQMKg== Completed in 1ms
365 timing metavuln:calculate:security-advisory:@jimp/plugin-scale:+xCJZ2w2PkxbnvhNL1MEvbooxTKotonJyQAGUQ6Qs4PO/3PNuvTzgFXHEaVGfgTfZNb9qPqS+e7rgQZu1jQMKg== Completed in 699ms
366 http fetch GET 200 https://registry.npmjs.org/@jimp%2fplugin-normalize 702ms (cache hit)
367 timing metavuln:packument:@jimp/plugin-normalize Completed in 704ms
368 timing metavuln:load:security-advisory:@jimp/plugin-normalize:+xCJZ2w2PkxbnvhNL1MEvbooxTKotonJyQAGUQ6Qs4PO/3PNuvTzgFXHEaVGfgTfZNb9qPqS+e7rgQZu1jQMKg== Completed in 2ms
369 timing metavuln:calculate:security-advisory:@jimp/plugin-normalize:+xCJZ2w2PkxbnvhNL1MEvbooxTKotonJyQAGUQ6Qs4PO/3PNuvTzgFXHEaVGfgTfZNb9qPqS+e7rgQZu1jQMKg== Completed in 707ms
370 http fetch GET 200 https://registry.npmjs.org/@jimp%2fplugin-crop 716ms (cache hit)
371 timing metavuln:packument:@jimp/plugin-crop Completed in 719ms
372 timing metavuln:load:security-advisory:@jimp/plugin-crop:+xCJZ2w2PkxbnvhNL1MEvbooxTKotonJyQAGUQ6Qs4PO/3PNuvTzgFXHEaVGfgTfZNb9qPqS+e7rgQZu1jQMKg== Completed in 3ms
373 timing metavuln:calculate:security-advisory:@jimp/plugin-crop:+xCJZ2w2PkxbnvhNL1MEvbooxTKotonJyQAGUQ6Qs4PO/3PNuvTzgFXHEaVGfgTfZNb9qPqS+e7rgQZu1jQMKg== Completed in 722ms
374 http fetch GET 200 https://registry.npmjs.org/@jimp%2fplugin-shadow 710ms (cache hit)
375 timing metavuln:packument:@jimp/plugin-shadow Completed in 714ms
376 timing metavuln:load:security-advisory:@jimp/plugin-shadow:+xCJZ2w2PkxbnvhNL1MEvbooxTKotonJyQAGUQ6Qs4PO/3PNuvTzgFXHEaVGfgTfZNb9qPqS+e7rgQZu1jQMKg== Completed in 2ms
377 timing metavuln:calculate:security-advisory:@jimp/plugin-shadow:+xCJZ2w2PkxbnvhNL1MEvbooxTKotonJyQAGUQ6Qs4PO/3PNuvTzgFXHEaVGfgTfZNb9qPqS+e7rgQZu1jQMKg== Completed in 717ms
378 http fetch GET 200 https://registry.npmjs.org/jimp 712ms (cache hit)
379 timing metavuln:packument:jimp Completed in 718ms
380 timing metavuln:load:security-advisory:jimp:+xCJZ2w2PkxbnvhNL1MEvbooxTKotonJyQAGUQ6Qs4PO/3PNuvTzgFXHEaVGfgTfZNb9qPqS+e7rgQZu1jQMKg== Completed in 59ms
381 timing metavuln:calculate:security-advisory:jimp:+xCJZ2w2PkxbnvhNL1MEvbooxTKotonJyQAGUQ6Qs4PO/3PNuvTzgFXHEaVGfgTfZNb9qPqS+e7rgQZu1jQMKg== Completed in 777ms
382 http fetch GET 200 https://registry.npmjs.org/@jimp%2ftypes 788ms (cache hit)
383 timing metavuln:packument:@jimp/types Completed in 794ms
384 timing metavuln:load:security-advisory:@jimp/types:+xCJZ2w2PkxbnvhNL1MEvbooxTKotonJyQAGUQ6Qs4PO/3PNuvTzgFXHEaVGfgTfZNb9qPqS+e7rgQZu1jQMKg== Completed in 87ms
385 timing metavuln:calculate:security-advisory:@jimp/types:+xCJZ2w2PkxbnvhNL1MEvbooxTKotonJyQAGUQ6Qs4PO/3PNuvTzgFXHEaVGfgTfZNb9qPqS+e7rgQZu1jQMKg== Completed in 881ms
386 timing metavuln:cache:get:security-advisory:jimp:ExzPDHgUiFBddCw3gFuiXi424Y536Pt1cneb6BOXrKCeOz1R4kymRgwNSTYZ3HigogtVIzRCmeeviKeWxvweaw== Completed in 98ms
387 timing metavuln:load:security-advisory:jimp:pkd/zeeXXCZno++k0iZybS3qsFLDSrAwMFd62pkRgz1/rfF4Mc0O8B+t/c4LtC0jhTm6K/Irp75KxOF1gevtaw== Completed in 3ms
388 timing metavuln:calculate:security-advisory:jimp:pkd/zeeXXCZno++k0iZybS3qsFLDSrAwMFd62pkRgz1/rfF4Mc0O8B+t/c4LtC0jhTm6K/Irp75KxOF1gevtaw== Completed in 101ms
389 timing metavuln:cache:get:security-advisory:canvas-senpai:tMA6+W2EzKb8aMVUCFvxtNVtjVovqw5XjG7580/TMmSULtyrnIlCuMp4N6F3EEnWk/1lbTDtunoIaIXnEHFLfQ== Completed in 6ms
390 http fetch GET 200 https://registry.npmjs.org/canvas-senpai 8ms (cache hit)
391 timing metavuln:packument:canvas-senpai Completed in 10ms
392 timing metavuln:load:security-advisory:canvas-senpai:WhzasLIXCOMShY85NurelmrwsBdlzRHZht89rsfJwTS+2lMYebb5cEZVNgL2Eyq5naXRfosY5SDYXMSBWsvELQ== Completed in 0ms
393 timing metavuln:calculate:security-advisory:canvas-senpai:WhzasLIXCOMShY85NurelmrwsBdlzRHZht89rsfJwTS+2lMYebb5cEZVNgL2Eyq5naXRfosY5SDYXMSBWsvELQ== Completed in 10ms
394 timing auditReport:init Completed in 1748ms
395 timing reify:audit Completed in 2706ms
396 timing reify Completed in 4685ms
397 silly ADD
398 silly ADD
399 silly ADD
400 silly ADD
401 silly ADD
402 silly ADD
403 silly ADD
404 timing command:install Completed in 4897ms
405 verbose exit 0
406 timing npm Completed in 5001ms
407 info ok
