0 verbose cli /usr/local/bin/node /usr/local/bin/npm
1 info using npm@9.5.1
2 info using node@v18.16.1
3 timing npm:load:whichnode Completed in 78ms
4 timing config:load:defaults Completed in 3ms
5 timing config:load:file:/usr/local/lib/node_modules/npm/npmrc Completed in 1ms
6 timing config:load:builtin Completed in 1ms
7 timing config:load:cli Completed in 1ms
8 timing config:load:env Completed in 0ms
9 timing config:load:project Completed in 1ms
10 timing config:load:file:/home/container/.npmrc Completed in 0ms
11 timing config:load:user Completed in 1ms
12 timing config:load:file:/usr/local/etc/npmrc Completed in 0ms
13 timing config:load:global Completed in 0ms
14 timing config:load:setEnvs Completed in 1ms
15 timing config:load Completed in 10ms
16 timing npm:load:configload Completed in 11ms
17 timing npm:load:mkdirpcache Completed in 0ms
18 timing npm:load:mkdirplogs Completed in 0ms
19 verbose title npm install randomized-string
20 verbose argv "install" "randomized-string"
21 timing npm:load:setTitle Completed in 2ms
22 timing config:load:flatten Completed in 5ms
23 timing npm:load:display Completed in 6ms
24 verbose logfile logs-max:10 dir:/home/container/.npm/_logs/2023-09-18T12_43_56_113Z-
25 verbose logfile /home/container/.npm/_logs/2023-09-18T12_43_56_113Z-debug-0.log
26 timing npm:load:logFile Completed in 7ms
27 timing npm:load:timers Completed in 0ms
28 timing npm:load:configScope Completed in 1ms
29 timing npm:load Completed in 105ms
30 timing arborist:ctor Completed in 1ms
31 silly logfile start cleaning logs, removing 1 files
32 silly logfile done cleaning log files
33 timing idealTree:init Completed in 895ms
34 timing idealTree:userRequests Completed in 10ms
35 silly idealTree buildDeps
36 silly fetch manifest randomized-string@^2.0.0
37 timing arborist:ctor Completed in 0ms
38 http fetch GET 200 https://registry.npmjs.org/randomized-string 1283ms (cache revalidated)
39 silly placeDep ROOT randomized-string@2.0.0 REPLACE for: momo@1.0.0 want: ^2.0.0
40 timing idealTree:#root Completed in 1298ms
41 timing idealTree:node_modules/randomized-string Completed in 0ms
42 timing idealTree:buildDeps Completed in 1301ms
43 timing idealTree:fixDepFlags Completed in 6ms
44 timing idealTree Completed in 2273ms
45 timing reify:loadTrees Completed in 2274ms
46 timing reify:diffTrees Completed in 11ms
47 silly reify moves {}
48 timing reify:retireShallow Completed in 2ms
49 timing reify:createSparse Completed in 64ms
50 timing reify:loadBundles Completed in 0ms
51 silly audit bulk request {
51 silly audit   '@babel/runtime': [ '7.22.15' ],
51 silly audit   'regenerator-runtime': [ '0.14.0', '0.13.11' ],
51 silly audit   '@discordjs/builders': [ '1.6.5' ],
51 silly audit   '@discordjs/collection': [ '1.5.3' ],
51 silly audit   '@discordjs/formatters': [ '0.3.2' ],
51 silly audit   '@discordjs/rest': [ '2.0.1' ],
51 silly audit   '@discordjs/util': [ '1.0.1' ],
51 silly audit   '@discordjs/ws': [ '1.0.1' ],
51 silly audit   '@jimp/bmp': [ '0.22.10', '0.14.0' ],
51 silly audit   '@jimp/core': [ '0.22.10', '0.14.0' ],
51 silly audit   '@jimp/custom': [ '0.22.10', '0.14.0' ],
51 silly audit   '@jimp/gif': [ '0.22.10', '0.14.0' ],
51 silly audit   '@jimp/jpeg': [ '0.22.10', '0.14.0' ],
51 silly audit   '@jimp/plugin-blit': [ '0.22.10', '0.14.0' ],
51 silly audit   '@jimp/plugin-blur': [ '0.22.10', '0.14.0' ],
51 silly audit   '@jimp/plugin-circle': [ '0.22.10', '0.14.0' ],
51 silly audit   '@jimp/plugin-color': [ '0.22.10', '0.14.0' ],
51 silly audit   '@jimp/plugin-contain': [ '0.22.10', '0.14.0' ],
51 silly audit   '@jimp/plugin-cover': [ '0.22.10', '0.14.0' ],
51 silly audit   '@jimp/plugin-crop': [ '0.22.10', '0.14.0' ],
51 silly audit   '@jimp/plugin-displace': [ '0.22.10', '0.14.0' ],
51 silly audit   '@jimp/plugin-dither': [ '0.22.10', '0.14.0' ],
51 silly audit   '@jimp/plugin-fisheye': [ '0.22.10', '0.14.0' ],
51 silly audit   '@jimp/plugin-flip': [ '0.22.10', '0.14.0' ],
51 silly audit   '@jimp/plugin-gaussian': [ '0.22.10', '0.14.0' ],
51 silly audit   '@jimp/plugin-invert': [ '0.22.10', '0.14.0' ],
51 silly audit   '@jimp/plugin-mask': [ '0.22.10', '0.14.0' ],
51 silly audit   '@jimp/plugin-normalize': [ '0.22.10', '0.14.0' ],
51 silly audit   '@jimp/plugin-print': [ '0.22.10', '0.14.0' ],
51 silly audit   '@jimp/plugin-resize': [ '0.22.10', '0.14.0' ],
51 silly audit   '@jimp/plugin-rotate': [ '0.22.10', '0.14.0' ],
51 silly audit   '@jimp/plugin-scale': [ '0.22.10', '0.14.0' ],
51 silly audit   '@jimp/plugin-shadow': [ '0.22.10', '0.14.0' ],
51 silly audit   '@jimp/plugin-threshold': [ '0.22.10', '0.14.0' ],
51 silly audit   '@jimp/plugins': [ '0.22.10', '0.14.0' ],
51 silly audit   '@jimp/png': [ '0.22.10', '0.14.0' ],
51 silly audit   '@jimp/tiff': [ '0.22.10', '0.14.0' ],
51 silly audit   '@jimp/types': [ '0.22.10', '0.14.0' ],
51 silly audit   '@jimp/utils': [ '0.22.10', '0.14.0' ],
51 silly audit   '@mapbox/node-pre-gyp': [ '1.0.11' ],
51 silly audit   '@mongodb-js/saslprep': [ '1.1.0' ],
51 silly audit   '@napi-rs/canvas': [ '0.1.44' ],
51 silly audit   '@napi-rs/canvas-android-arm64': [ '0.1.44' ],
51 silly audit   '@napi-rs/canvas-darwin-arm64': [ '0.1.44' ],
51 silly audit   '@napi-rs/canvas-darwin-x64': [ '0.1.44' ],
51 silly audit   '@napi-rs/canvas-linux-arm-gnueabihf': [ '0.1.44' ],
51 silly audit   '@napi-rs/canvas-linux-arm64-gnu': [ '0.1.44' ],
51 silly audit   '@napi-rs/canvas-linux-arm64-musl': [ '0.1.44' ],
51 silly audit   '@napi-rs/canvas-linux-x64-gnu': [ '0.1.44' ],
51 silly audit   '@napi-rs/canvas-linux-x64-musl': [ '0.1.44' ],
51 silly audit   '@napi-rs/canvas-win32-x64-msvc': [ '0.1.44' ],
51 silly audit   '@sapphire/async-queue': [ '1.5.0' ],
51 silly audit   '@sapphire/shapeshift': [ '3.9.2' ],
51 silly audit   '@sapphire/snowflake': [ '3.5.1' ],
51 silly audit   '@skyra/gifenc': [ '1.0.1' ],
51 silly audit   '@tokenizer/token': [ '0.3.0' ],
51 silly audit   '@types/http-errors': [ '1.8.2' ],
51 silly audit   '@types/node': [ '20.5.9', '16.9.1' ],
51 silly audit   '@types/webidl-conversions': [ '7.0.0' ],
51 silly audit   '@types/whatwg-url': [ '8.2.2' ],
51 silly audit   '@types/ws': [ '8.5.5' ],
51 silly audit   '@vitalets/google-translate-api': [ '9.2.0' ],
51 silly audit   '@vladfrangu/async_event_emitter': [ '2.2.2' ],
51 silly audit   abbrev: [ '1.1.1' ],
51 silly audit   'agent-base': [ '6.0.2' ],
51 silly audit   'ansi-regex': [ '5.0.1' ],
51 silly audit   'any-base': [ '1.1.0' ],
51 silly audit   aproba: [ '2.0.0' ],
51 silly audit   'are-we-there-yet': [ '2.0.0' ],
51 silly audit   'ascii-art': [ '2.8.5' ],
51 silly audit   'ascii-art-ansi': [ '1.4.1' ],
51 silly audit   'ascii-art-braille': [ '0.0.2', '0.1.0' ],
51 silly audit   'ascii-art-font': [ '1.0.2' ],
51 silly audit   'ascii-art-graph': [ '0.5.0' ],
51 silly audit   'ascii-art-image': [ '1.4.0' ],
51 silly audit   'ascii-art-table': [ '1.0.1' ],
51 silly audit   'ascii-art-utf': [ '0.0.1' ],
51 silly audit   'ascii-codes': [ '1.0.0' ],
51 silly audit   'ascii-table': [ '0.0.9' ],
51 silly audit   async: [ '3.2.4' ],
51 silly audit   'async-arrays': [ '1.1.0' ],
51 silly audit   'balanced-match': [ '1.0.2' ],
51 silly audit   'base64-js': [ '1.5.1' ],
51 silly audit   'bmp-js': [ '0.1.0' ],
51 silly audit   'brace-expansion': [ '2.0.1', '1.1.11' ],
51 silly audit   bson: [ '5.4.0' ],
51 silly audit   buffer: [ '5.7.1' ],
51 silly audit   'buffer-equal': [ '0.0.1' ],
51 silly audit   busboy: [ '1.6.0' ], 
51 silly audit   'node-fetch': [ '2.6.7', '2.7.0' ],
51 silly audit   canvas: [ '2.11.2' ],
51 silly audit   'canvas-senpai': [ '2.0.3' ],
51 silly audit   'file-type': [ '9.0.0', '16.5.4' ],
51 silly audit   gifwrap: [ '0.9.4', '0.10.1' ],
51 silly audit   jimp: [ '0.14.0', '0.22.10' ],
51 silly audit   mkdirp: [ '0.5.6', '1.0.4' ],
51 silly audit   pngjs: [ '3.4.0', '6.0.0' ],
51 silly audit   chalk: [ '5.3.0' ],
51 silly audit   chownr: [ '2.0.0' ],
51 silly audit   cli: [ '0.4.5' ],
51 silly audit   color: [ '3.2.1' ],
51 silly audit   'color-convert': [ '1.9.3' ],
51 silly audit   'color-difference': [ '0.3.4' ],
51 silly audit   'color-model': [ '0.2.2' ],
51 silly audit   'color-name': [ '1.1.3' ],
51 silly audit   'color-string': [ '1.9.1' ],
51 silly audit   'color-support': [ '1.1.3' ],
51 silly audit   colors: [ '1.4.0' ],
51 silly audit   commander: [ '2.20.3' ],
51 silly audit   'concat-map': [ '0.0.1' ],
51 silly audit   'console-control-strings': [ '1.1.0' ],
51 silly audit   'core-util-is': [ '1.0.3' ],
51 silly audit   d3: [ '5.16.0' ],
51 silly audit   'd3-array': [ '1.2.4' ],
51 silly audit   'd3-axis': [ '1.0.12' ],
51 silly audit   'd3-brush': [ '1.1.6' ],
51 silly audit   'd3-chord': [ '1.0.6' ],
51 silly audit   'd3-collection': [ '1.0.7' ],
51 silly audit   'd3-color': [ '1.4.1' ],
51 silly audit   'd3-contour': [ '1.3.2' ],
51 silly audit   'd3-dispatch': [ '1.0.6' ],
51 silly audit   'd3-drag': [ '1.2.5' ],
51 silly audit   'd3-dsv': [ '1.2.0' ],
51 silly audit   'd3-ease': [ '1.0.7' ],
51 silly audit   'd3-fetch': [ '1.2.0' ],
51 silly audit   'd3-force': [ '1.2.1' ],
51 silly audit   'd3-format': [ '1.4.5' ],
51 silly audit   'd3-geo': [ '1.12.1' ],
51 silly audit   'd3-hierarchy': [ '1.1.9' ],
51 silly audit   'd3-interpolate': [ '1.4.0' ],
51 silly audit   'd3-path': [ '1.0.9' ],
51 silly audit   'd3-polygon': [ '1.0.6' ],
51 silly audit   'd3-quadtree': [ '1.0.7' ],
51 silly audit   'd3-random': [ '1.1.2' ],
51 silly audit   'd3-scale': [ '2.2.2' ],
51 silly audit   'd3-scale-chromatic': [ '1.5.0' ],
51 silly audit   'd3-selection': [ '1.4.2' ],
51 silly audit   'd3-shape': [ '1.3.7' ],
51 silly audit   'd3-time': [ '1.1.0' ],
51 silly audit   'd3-time-format': [ '2.3.0' ],
51 silly audit   'd3-timer': [ '1.0.10' ],
51 silly audit   'd3-transition': [ '1.3.2' ],
51 silly audit   'd3-voronoi': [ '1.1.4' ],
51 silly audit   'd3-zoom': [ '1.8.3' ],
51 silly audit   debug: [ '4.3.4', '3.2.7' ],
51 silly audit   ms: [ '2.1.2', '2.1.3' ],
51 silly audit   'decompress-response': [ '4.2.1' ],
51 silly audit   delegates: [ '1.0.0' ],
51 silly audit   depd: [ '2.0.0' ],
51 silly audit   'detect-libc': [ '2.0.2' ],
51 silly audit   'dirname-shim': [ '1.0.0' ],
51 silly audit   'discord-api-types': [ '0.37.50' ],
51 silly audit   'discord.js': [ '14.13.0' ],
51 silly audit   'dom-walk': [ '0.1.2' ],
51 silly audit   duplexer: [ '0.1.2' ],
51 silly audit   'emoji-regex': [ '8.0.0' ],
51 silly audit   'eol-fix-stream': [ '1.1.1' ],
51 silly audit   'exif-parser': [ '0.1.12' ],
51 silly audit   'extended-emitter': [ '1.6.0' ],
51 silly audit   'fancy-text-table': [ '1.0.0' ],
51 silly audit   'fast-average-color': [ '6.4.2' ],
51 silly audit   'fast-average-color-node': [ '1.0.3' ],
51 silly audit   'fast-deep-equal': [ '3.1.3' ],
51 silly audit   'fs-minipass': [ '2.1.0' ],
51 silly audit   minipass: [ '3.3.6', '5.0.0' ],
51 silly audit   'fs.realpath': [ '1.0.0' ],
51 silly audit   'ftp-response-parser': [ '1.0.1' ],
51 silly audit   'readable-stream': [ '1.1.14', '3.6.2', '2.3.8' ],
51 silly audit   string_decoder: [ '0.10.31', '1.3.0', '1.1.1' ],
51 silly audit   gauge: [ '3.0.2' ],
51 silly audit   glob: [ '8.1.0', '7.2.3' ],
51 silly audit   global: [ '4.4.0' ],
51 silly audit   'has-unicode': [ '2.0.1' ],
51 silly audit   'http-errors': [ '2.0.0' ],
51 silly audit   'https-proxy-agent': [ '5.0.1' ],
51 silly audit   'iconv-lite': [ '0.4.24' ],
51 silly audit   ieee754: [ '1.2.1' ],
51 silly audit   'image-q': [ '4.0.0' ],
51 silly audit   inflight: [ '1.0.6' ],
51 silly audit   inherits: [ '2.0.4' ],
51 silly audit   ip: [ '2.0.0' ],
51 silly audit   'is-arrayish': [ '0.3.2' ],
51 silly audit   'is-fullwidth-code-point': [ '3.0.0' ],
51 silly audit   'is-function': [ '1.0.2' ],
51 silly audit   isarray: [ '0.0.1', '1.0.0' ],
51 silly audit   'isomorphic-fetch': [ '3.0.0' ],
51 silly audit   'jpeg-js': [ '0.4.4' ],
51 silly audit   jsftp: [ '2.1.3' ],
51 silly audit   json2csv: [ '4.5.4' ],
51 silly audit   jsonparse: [ '1.3.1' ],
51 silly audit   kareem: [ '2.5.1' ],
51 silly audit   'load-bmfont': [ '1.4.1' ],
51 silly audit   lodash: [ '4.17.21' ],
51 silly audit   'lodash.get': [ '4.4.2' ],
51 silly audit   'lodash.snakecase': [ '4.1.1' ],
51 silly audit   'lru-cache': [ '6.0.0' ],
51 silly audit   'magic-bytes.js': [ '1.0.15' ],
51 silly audit   'make-dir': [ '3.1.0' ],
51 silly audit   semver: [ '6.3.1', '7.5.4' ],
51 silly audit   maplex: [ '1.0.0' ],
51 silly audit   'memory-pager': [ '1.5.0' ],
51 silly audit   mime: [ '1.6.0' ],
51 silly audit   'mimic-response': [ '2.1.0' ],
51 silly audit   'min-document': [ '2.19.0' ],
51 silly audit   minimatch: [ '5.1.6', '3.1.2' ],
51 silly audit   minimist: [ '1.2.8' ],
51 silly audit   minizlib: [ '2.1.2' ],
51 silly audit   moment: [ '2.29.4' ],
51 silly audit   'moment-duration-format': [ '2.3.2' ],
51 silly audit   mongodb: [ '5.8.1' ],
51 silly audit   'mongodb-connection-string-url': [ '2.6.0' ],
51 silly audit   tr46: [ '3.0.0', '0.0.3' ],
51 silly audit   'webidl-conversions': [ '7.0.0', '3.0.1' ],
51 silly audit   'whatwg-url': [ '11.0.0', '5.0.0' ],
51 silly audit   mongoose: [ '7.5.0' ],
51 silly audit   mpath: [ '0.9.0' ],
51 silly audit   mquery: [ '5.0.0' ],
51 silly audit   nan: [ '2.18.0' ],
51 silly audit   nopt: [ '5.0.0' ],
51 silly audit   npmlog: [ '5.0.1' ],
51 silly audit   'object-assign': [ '4.1.1' ],
51 silly audit   omggif: [ '1.0.10' ],
51 silly audit   once: [ '1.4.0' ],
51 silly audit   pako: [ '1.0.11' ],
51 silly audit   'parse-bmfont-ascii': [ '1.0.6' ],
51 silly audit   'parse-bmfont-binary': [ '1.0.6' ],
51 silly audit   'parse-bmfont-xml': [ '1.1.4' ],
51 silly audit   'parse-headers': [ '2.0.5' ],
51 silly audit   'parse-listing': [ '1.1.3' ],
51 silly audit   'path-is-absolute': [ '1.0.1' ],
51 silly audit   'peek-readable': [ '4.1.0' ],
51 silly audit   phin: [ '2.9.3' ],
51 silly audit   pixelmatch: [ '4.0.2' ],
51 silly audit   process: [ '0.11.10' ],
51 silly audit   'process-nextick-args': [ '2.0.1' ],
51 silly audit   punycode: [ '2.3.0' ],
51 silly audit   randombytes: [ '2.0.3' ],
51 silly audit   randomstring: [ '1.3.0' ],
51 silly audit   'readable-web-to-node-stream': [ '3.0.2' ],
51 silly audit   rimraf: [ '3.0.2' ],
51 silly audit   rw: [ '1.3.3' ],
51 silly audit   'safe-buffer': [ '5.2.1', '5.1.2' ],
51 silly audit   'safer-buffer': [ '2.1.2' ],
51 silly audit   sax: [ '1.2.4' ],
51 silly audit   'set-blocking': [ '2.0.0' ],
51 silly audit   setprototypeof: [ '1.2.0' ],
51 silly audit   sift: [ '16.0.1' ],
51 silly audit   'signal-exit': [ '3.0.7' ],
51 silly audit   'simple-concat': [ '1.0.1' ],
51 silly audit   'simple-get': [ '3.1.1' ],
51 silly audit   'simple-swizzle': [ '0.2.2' ],
51 silly audit   'smart-buffer': [ '4.2.0' ],
51 silly audit   socks: [ '2.7.1' ],
51 silly audit   'sparse-bitfield': [ '3.0.3' ],
51 silly audit   statuses: [ '2.0.1' ],
51 silly audit   strangler: [ '1.1.2' ],
51 silly audit   'stream-combiner': [ '0.2.2' ],
51 silly audit   streamsearch: [ '1.1.0' ],
51 silly audit   'string-tools': [ '1.0.0' ],
51 silly audit   'string-width': [ '4.2.3' ],
51 silly audit   'strip-ansi': [ '6.0.1' ],
51 silly audit   strtok3: [ '6.3.0' ],
51 silly audit   tar: [ '6.2.0' ],
51 silly audit   'terminal-char-table': [ '2.0.2' ],
51 silly audit   'text-table': [ '0.2.0' ],
51 silly audit   through: [ '2.3.8' ],
51 silly audit   through2: [ '2.0.5' ],
51 silly audit   timm: [ '1.7.1' ],
51 silly audit   tinycolor2: [ '1.6.0' ],
51 silly audit   toidentifier: [ '1.0.1' ],
51 silly audit   'token-types': [ '4.2.1' ],
51 silly audit   'ts-mixer': [ '6.0.3' ],
51 silly audit   tslib: [ '2.6.2' ],
51 silly audit   undici: [ '5.22.1' ],
51 silly audit   unorm: [ '1.6.0' ],
51 silly audit   unstyle: [ '0.0.8' ],
51 silly audit   utif: [ '2.0.1' ],
51 silly audit   utif2: [ '4.1.0' ],
51 silly audit   'util-deprecate': [ '1.0.2' ],
51 silly audit   'whatwg-fetch': [ '3.6.18' ],
51 silly audit   'wide-align': [ '1.1.5' ],
51 silly audit   wrappy: [ '1.0.2' ],
51 silly audit   ws: [ '8.13.0' ],
51 silly audit   xhr: [ '2.6.0' ],
51 silly audit   'xml-parse-from-string': [ '1.0.1' ],
51 silly audit   xml2js: [ '0.4.23' ],
51 silly audit   xmlbuilder: [ '11.0.1' ],
51 silly audit   xtend: [ '4.0.2' ],
51 silly audit   yallist: [ '4.0.0' ],
51 silly audit   'randomized-string': [ '2.0.0' ]
51 silly audit }
52 verbose reify failed optional dependency /home/container/node_modules/@napi-rs/canvas-win32-x64-msvc
53 silly reify mark deleted [ '/home/container/node_modules/@napi-rs/canvas-win32-x64-msvc' ]
54 verbose reify failed optional dependency /home/container/node_modules/@napi-rs/canvas-linux-arm64-musl
55 silly reify mark deleted [ '/home/container/node_modules/@napi-rs/canvas-linux-arm64-musl' ]
56 verbose reify failed optional dependency /home/container/node_modules/@napi-rs/canvas-linux-arm64-gnu
57 silly reify mark deleted [ '/home/container/node_modules/@napi-rs/canvas-linux-arm64-gnu' ]
58 verbose reify failed optional dependency /home/container/node_modules/@napi-rs/canvas-linux-arm-gnueabihf
59 silly reify mark deleted [ '/home/container/node_modules/@napi-rs/canvas-linux-arm-gnueabihf' ]
60 verbose reify failed optional dependency /home/container/node_modules/@napi-rs/canvas-darwin-x64
61 silly reify mark deleted [ '/home/container/node_modules/@napi-rs/canvas-darwin-x64' ]
62 verbose reify failed optional dependency /home/container/node_modules/@napi-rs/canvas-darwin-arm64
63 silly reify mark deleted [ '/home/container/node_modules/@napi-rs/canvas-darwin-arm64' ]
64 verbose reify failed optional dependency /home/container/node_modules/@napi-rs/canvas-android-arm64
65 silly reify mark deleted [ '/home/container/node_modules/@napi-rs/canvas-android-arm64' ]
66 timing reifyNode:node_modules/@napi-rs/canvas-win32-x64-msvc Completed in 7ms
67 timing reifyNode:node_modules/@napi-rs/canvas-linux-arm64-musl Completed in 7ms
68 timing reifyNode:node_modules/@napi-rs/canvas-linux-arm64-gnu Completed in 6ms
69 timing reifyNode:node_modules/@napi-rs/canvas-linux-arm-gnueabihf Completed in 6ms
70 timing reifyNode:node_modules/@napi-rs/canvas-darwin-x64 Completed in 6ms
71 timing reifyNode:node_modules/@napi-rs/canvas-darwin-arm64 Completed in 7ms
72 timing reifyNode:node_modules/@napi-rs/canvas-android-arm64 Completed in 7ms
73 timing reify:unpack Completed in 8ms
74 timing reify:unretire Completed in 0ms
75 timing build:queue Completed in 1ms
76 timing build:deps Completed in 3ms
77 timing build Completed in 3ms
78 timing reify:build Completed in 4ms
79 timing reify:trash Completed in 2ms
80 http fetch POST 200 https://registry.npmjs.org/-/npm/v1/security/advisories/bulk 315ms
81 timing auditReport:getReport Completed in 326ms
82 silly audit report {
82 silly audit report   cli: [
82 silly audit report     {
82 silly audit report       id: 1092748,
82 silly audit report       url: 'https://github.com/advisories/GHSA-3mrp-qhcj-mwv5',
82 silly audit report       title: 'Node CLI Allows Arbitrary File Overwrite',
82 silly audit report       severity: 'low',
82 silly audit report       vulnerable_versions: '>=0.1.0 <=0.11.3',
82 silly audit report       cwe: [Array],
82 silly audit report       cvss: [Object]
82 silly audit report     },
82 silly audit report     {
82 silly audit report       id: 1090893,
82 silly audit report       url: 'https://github.com/advisories/GHSA-6cpc-mj5c-m9rq',
82 silly audit report       title: 'Arbitrary File Write in cli',
82 silly audit report       severity: 'low',
82 silly audit report       vulnerable_versions: '<1.0.0',
82 silly audit report       cwe: [Array],
82 silly audit report       cvss: [Object]
82 silly audit report     }
82 silly audit report   ],
82 silly audit report   'd3-color': [
82 silly audit report     {
82 silly audit report       id: 1088594,
82 silly audit report       url: 'https://github.com/advisories/GHSA-36jr-mh4h-2g58',
82 silly audit report       title: 'd3-color vulnerable to ReDoS',
82 silly audit report       severity: 'high',
82 silly audit report       vulnerable_versions: '<3.1.0',
82 silly audit report       cwe: [Array],
82 silly audit report       cvss: [Object]
82 silly audit report     }
82 silly audit report   ],
82 silly audit report   xml2js: [
82 silly audit report     {
82 silly audit report       id: 1092301,
82 silly audit report       url: 'https://github.com/advisories/GHSA-776f-qx25-q3cc',
82 silly audit report       title: 'xml2js is vulnerable to prototype pollution',
82 silly audit report       severity: 'moderate',
82 silly audit report       vulnerable_versions: '<0.5.0',
82 silly audit report       cwe: [Array],
82 silly audit report       cvss: [Object]
82 silly audit report     }
82 silly audit report   ]
82 silly audit report }
83 timing reify:save Completed in 304ms
84 timing metavuln:cache:get:security-advisory:cli:ZEwf3Q21AdpppRS+KvYw7mZ+DOB83hs6nGDq6p0BaZVQfX8qudjZ3y3sTReId/ndR/jjCUn5Y7smR7Epgcd3lQ== Completed in 208ms
85 timing metavuln:cache:get:security-advisory:cli:ny3kUgkkyYGN9jfeaSYQH9j5tOfLlaqRWonSNJ987Kf5CLCwfsrqrUd53l5eqDUFINhItRmZIp6z0LYGGK2Wbw== Completed in 208ms
86 timing metavuln:cache:get:security-advisory:d3-color:PXCCUtz8pBXn13G8u17PBCuRV0pJOh1kohKpl7G3/xGHcfhFmfHH/gB68CGJBeS+t7/saVeazG1QCRKoNcOlVA== Completed in 207ms
87 timing metavuln:cache:get:security-advisory:xml2js:ixGKvLytxENoELPtQ7Jfj+DUT454F6CaTU/ERD5wiTnwMVFoo9YFtr10osyPOYff4xsxGKOlqM3/qGPOZhALTQ== Completed in 206ms
88 http fetch GET 200 https://registry.npmjs.org/d3-color 308ms (cache revalidated)
89 timing metavuln:packument:d3-color Completed in 309ms
90 timing metavuln:load:security-advisory:d3-color:1088594 Completed in 1ms
91 timing metavuln:calculate:security-advisory:d3-color:1088594 Completed in 310ms
92 http fetch GET 200 https://registry.npmjs.org/cli 352ms (cache revalidated)
93 timing metavuln:packument:cli Completed in 353ms
94 timing metavuln:load:security-advisory:cli:1092748 Completed in 1ms
95 timing metavuln:calculate:security-advisory:cli:1092748 Completed in 355ms
96 timing metavuln:load:security-advisory:cli:1090893 Completed in 0ms
97 timing metavuln:calculate:security-advisory:cli:1090893 Completed in 355ms
98 http fetch GET 200 https://registry.npmjs.org/xml2js 354ms (cache revalidated)
99 timing metavuln:packument:xml2js Completed in 355ms
100 timing metavuln:load:security-advisory:xml2js:1092301 Completed in 0ms
101 timing metavuln:calculate:security-advisory:xml2js:1092301 Completed in 355ms
102 timing metavuln:cache:get:security-advisory:color-difference:4Ig87R3VbwlDqckaQhdA+AL/dHllegg2eDdDY9eDIgHn8z1YAeMK4x2o5LWT/GbH57KDsMuCI22SrSLOB82XLQ== Completed in 3ms
103 http fetch GET 200 https://registry.npmjs.org/color-difference 347ms (cache revalidated)
104 timing metavuln:packument:color-difference Completed in 347ms
105 timing metavuln:load:security-advisory:color-difference:ZEwf3Q21AdpppRS+KvYw7mZ+DOB83hs6nGDq6p0BaZVQfX8qudjZ3y3sTReId/ndR/jjCUn5Y7smR7Epgcd3lQ== Completed in 0ms
106 timing metavuln:calculate:security-advisory:color-difference:ZEwf3Q21AdpppRS+KvYw7mZ+DOB83hs6nGDq6p0BaZVQfX8qudjZ3y3sTReId/ndR/jjCUn5Y7smR7Epgcd3lQ== Completed in 347ms
107 timing metavuln:cache:get:security-advisory:d3:nD8/rL0pimqDqzdOnh8RBlSANsQXZQcVaJ5l4tI+9rW+CZR293A/uu6fp8GkRKkePkatanrTAfN+S2RdB4eQPg== Completed in 9ms
108 timing metavuln:cache:get:security-advisory:d3-interpolate:/0c0NbpifkPwYK9Wc12lWCuekF3egfwQpU2vPvU1z9YtPOYhtO7tT+WkboXD+VCbMPJ5HjjePH/MBwCF4GihdQ== Completed in 9ms
109 timing metavuln:cache:get:security-advisory:d3-scale-chromatic:LEWojVFa5YFPuDB69ZvzznZ0XSA7sQAz/j6ecKiTUDNMnSZ78aYmoC9AwFwK4R9EXp3JFdgG/TCTxSmDNS2igA== Completed in 8ms
110 timing metavuln:cache:get:security-advisory:d3-transition:a7EqjKFx6XJgOZ7nJ58IpWH2G89VNRpzpxFL7SjBAx93Rlbb6jYPJk9Xgb9+Ax+7unBh6EzCUtsq00AzblrWlQ== Completed in 7ms
111 http fetch GET 200 https://registry.npmjs.org/d3-interpolate 48ms (cache revalidated)
112 timing metavuln:packument:d3-interpolate Completed in 49ms
113 timing metavuln:load:security-advisory:d3-interpolate:PXCCUtz8pBXn13G8u17PBCuRV0pJOh1kohKpl7G3/xGHcfhFmfHH/gB68CGJBeS+t7/saVeazG1QCRKoNcOlVA== Completed in 1ms
114 timing metavuln:calculate:security-advisory:d3-interpolate:PXCCUtz8pBXn13G8u17PBCuRV0pJOh1kohKpl7G3/xGHcfhFmfHH/gB68CGJBeS+t7/saVeazG1QCRKoNcOlVA== Completed in 51ms
115 http fetch GET 200 https://registry.npmjs.org/d3-transition 58ms (cache revalidated)
116 timing metavuln:packument:d3-transition Completed in 60ms
117 timing metavuln:load:security-advisory:d3-transition:PXCCUtz8pBXn13G8u17PBCuRV0pJOh1kohKpl7G3/xGHcfhFmfHH/gB68CGJBeS+t7/saVeazG1QCRKoNcOlVA== Completed in 0ms
118 timing metavuln:calculate:security-advisory:d3-transition:PXCCUtz8pBXn13G8u17PBCuRV0pJOh1kohKpl7G3/xGHcfhFmfHH/gB68CGJBeS+t7/saVeazG1QCRKoNcOlVA== Completed in 60ms
119 http fetch GET 200 https://registry.npmjs.org/d3 88ms (cache revalidated)
120 timing metavuln:packument:d3 Completed in 92ms
121 timing metavuln:load:security-advisory:d3:PXCCUtz8pBXn13G8u17PBCuRV0pJOh1kohKpl7G3/xGHcfhFmfHH/gB68CGJBeS+t7/saVeazG1QCRKoNcOlVA== Completed in 2ms
122 timing metavuln:calculate:security-advisory:d3:PXCCUtz8pBXn13G8u17PBCuRV0pJOh1kohKpl7G3/xGHcfhFmfHH/gB68CGJBeS+t7/saVeazG1QCRKoNcOlVA== Completed in 94ms
123 http fetch GET 200 https://registry.npmjs.org/d3-scale-chromatic 182ms (cache revalidated)
124 timing metavuln:packument:d3-scale-chromatic Completed in 183ms
125 timing metavuln:load:security-advisory:d3-scale-chromatic:PXCCUtz8pBXn13G8u17PBCuRV0pJOh1kohKpl7G3/xGHcfhFmfHH/gB68CGJBeS+t7/saVeazG1QCRKoNcOlVA== Completed in 1ms
126 timing metavuln:calculate:security-advisory:d3-scale-chromatic:PXCCUtz8pBXn13G8u17PBCuRV0pJOh1kohKpl7G3/xGHcfhFmfHH/gB68CGJBeS+t7/saVeazG1QCRKoNcOlVA== Completed in 184ms
127 timing metavuln:cache:get:security-advisory:parse-bmfont-xml:IxH3x07FnyhLVt2wQ0GULuupSzWQYCGNj/EdtjELcJk25Ehzy/6EbsqfW1g60G0t8w6umlL5YUAPRyTJC/suuw== Completed in 2ms
128 http fetch GET 200 https://registry.npmjs.org/parse-bmfont-xml 45ms (cache revalidated)
129 timing metavuln:packument:parse-bmfont-xml Completed in 45ms
130 timing metavuln:load:security-advisory:parse-bmfont-xml:ixGKvLytxENoELPtQ7Jfj+DUT454F6CaTU/ERD5wiTnwMVFoo9YFtr10osyPOYff4xsxGKOlqM3/qGPOZhALTQ== Completed in 1ms
131 timing metavuln:calculate:security-advisory:parse-bmfont-xml:ixGKvLytxENoELPtQ7Jfj+DUT454F6CaTU/ERD5wiTnwMVFoo9YFtr10osyPOYff4xsxGKOlqM3/qGPOZhALTQ== Completed in 47ms
132 timing metavuln:cache:get:security-advisory:ascii-art-ansi:bnrwuRnGpu4SBNXOXHbZjo2/GPArXD37qmu0MSYVxc/105bO8rJ7r128PkwxbvUeXiY6amZ7lPxeUAckPYJWUg== Completed in 4ms
133 http fetch GET 200 https://registry.npmjs.org/ascii-art-ansi 395ms (cache revalidated)
134 timing metavuln:packument:ascii-art-ansi Completed in 395ms
135 timing metavuln:load:security-advisory:ascii-art-ansi:4Ig87R3VbwlDqckaQhdA+AL/dHllegg2eDdDY9eDIgHn8z1YAeMK4x2o5LWT/GbH57KDsMuCI22SrSLOB82XLQ== Completed in 0ms
136 timing metavuln:calculate:security-advisory:ascii-art-ansi:4Ig87R3VbwlDqckaQhdA+AL/dHllegg2eDdDY9eDIgHn8z1YAeMK4x2o5LWT/GbH57KDsMuCI22SrSLOB82XLQ== Completed in 397ms
137 timing metavuln:cache:get:security-advisory:d3:fJMZ0j5RWVovfTk+TttEfWre4Y5heaySmac2+JpwKd2qr7nJ0YKVMvDxb0rKN9Jo5BG77I4CM7BExyoNle3tLQ== Completed in 9ms
138 timing metavuln:load:security-advisory:d3:/0c0NbpifkPwYK9Wc12lWCuekF3egfwQpU2vPvU1z9YtPOYhtO7tT+WkboXD+VCbMPJ5HjjePH/MBwCF4GihdQ== Completed in 4ms
139 timing metavuln:calculate:security-advisory:d3:/0c0NbpifkPwYK9Wc12lWCuekF3egfwQpU2vPvU1z9YtPOYhtO7tT+WkboXD+VCbMPJ5HjjePH/MBwCF4GihdQ== Completed in 13ms
140 timing metavuln:cache:get:security-advisory:d3-brush:YRwhgeRn7AFBRXR5hQ6GNEvJvSz1pe5WeXtAjzBofNcN/RaCX/Z4dWPI0eUMhbCuK/hxX8nzqYsE968qOLWpew== Completed in 16ms
141 timing metavuln:cache:get:security-advisory:d3-scale:Ed3OTeqPJFip9ejVFpMWhaSkEDEVzXOLC3myQxoQ8OAEJetWIlqim9FmQNm/iDIq1clc7eICIOTZlHt6+BRWdg== Completed in 15ms
142 timing metavuln:cache:get:security-advisory:d3-scale-chromatic:WbPlulqdHPOwtGT/40JwJxEtssW3aa733j3DzlBOUI5dPjpYMZX1dMf6WcAPQ9JbwVLUm7LCdbip/XYtPpf1hA== Completed in 15ms
143 timing metavuln:load:security-advisory:d3-scale-chromatic:/0c0NbpifkPwYK9Wc12lWCuekF3egfwQpU2vPvU1z9YtPOYhtO7tT+WkboXD+VCbMPJ5HjjePH/MBwCF4GihdQ== Completed in 0ms
144 timing metavuln:calculate:security-advisory:d3-scale-chromatic:/0c0NbpifkPwYK9Wc12lWCuekF3egfwQpU2vPvU1z9YtPOYhtO7tT+WkboXD+VCbMPJ5HjjePH/MBwCF4GihdQ== Completed in 15ms
145 timing metavuln:cache:get:security-advisory:d3-transition:J0X1CsqSmS+XhYkFKqm+BivMRkiLNw2PsCJ65+FZkba+kVHiV4i6AnGF9n6a/jfDA1JZnJP43qEJn+aqJodr4w== Completed in 15ms
146 timing metavuln:load:security-advisory:d3-transition:/0c0NbpifkPwYK9Wc12lWCuekF3egfwQpU2vPvU1z9YtPOYhtO7tT+WkboXD+VCbMPJ5HjjePH/MBwCF4GihdQ== Completed in 1ms
147 timing metavuln:calculate:security-advisory:d3-transition:/0c0NbpifkPwYK9Wc12lWCuekF3egfwQpU2vPvU1z9YtPOYhtO7tT+WkboXD+VCbMPJ5HjjePH/MBwCF4GihdQ== Completed in 16ms
148 timing metavuln:cache:get:security-advisory:d3-zoom:eHGtrxRYjxhCmzSv/zrfYYoEuaOhtckXj8YChuEVd9DZP/XAtjuZgRyoyZdHq9rgcUXO0WxzOWvcSrf3vK+3dg== Completed in 17ms
149 http fetch GET 200 https://registry.npmjs.org/d3-scale 68ms (cache revalidated)
150 timing metavuln:packument:d3-scale Completed in 69ms
151 timing metavuln:load:security-advisory:d3-scale:/0c0NbpifkPwYK9Wc12lWCuekF3egfwQpU2vPvU1z9YtPOYhtO7tT+WkboXD+VCbMPJ5HjjePH/MBwCF4GihdQ== Completed in 0ms
152 timing metavuln:calculate:security-advisory:d3-scale:/0c0NbpifkPwYK9Wc12lWCuekF3egfwQpU2vPvU1z9YtPOYhtO7tT+WkboXD+VCbMPJ5HjjePH/MBwCF4GihdQ== Completed in 69ms
153 http fetch GET 200 https://registry.npmjs.org/d3-zoom 152ms (cache revalidated)
154 timing metavuln:packument:d3-zoom Completed in 152ms
155 timing metavuln:load:security-advisory:d3-zoom:/0c0NbpifkPwYK9Wc12lWCuekF3egfwQpU2vPvU1z9YtPOYhtO7tT+WkboXD+VCbMPJ5HjjePH/MBwCF4GihdQ== Completed in 0ms
156 timing metavuln:calculate:security-advisory:d3-zoom:/0c0NbpifkPwYK9Wc12lWCuekF3egfwQpU2vPvU1z9YtPOYhtO7tT+WkboXD+VCbMPJ5HjjePH/MBwCF4GihdQ== Completed in 153ms
157 http fetch GET 200 https://registry.npmjs.org/d3-brush 366ms (cache revalidated)
158 timing metavuln:packument:d3-brush Completed in 367ms
159 timing metavuln:load:security-advisory:d3-brush:/0c0NbpifkPwYK9Wc12lWCuekF3egfwQpU2vPvU1z9YtPOYhtO7tT+WkboXD+VCbMPJ5HjjePH/MBwCF4GihdQ== Completed in 0ms
160 timing metavuln:calculate:security-advisory:d3-brush:/0c0NbpifkPwYK9Wc12lWCuekF3egfwQpU2vPvU1z9YtPOYhtO7tT+WkboXD+VCbMPJ5HjjePH/MBwCF4GihdQ== Completed in 368ms
161 timing metavuln:cache:get:security-advisory:d3:vflq86lNfG12e6Tl0VkPCkw+/bdZ3jaTv5l9zaU5/Gb5RtefKyeIYdIUhgq8YjbmYUb8DkVkI8mWz9gnrT0Gqg== Completed in 2ms
162 timing metavuln:load:security-advisory:d3:a7EqjKFx6XJgOZ7nJ58IpWH2G89VNRpzpxFL7SjBAx93Rlbb6jYPJk9Xgb9+Ax+7unBh6EzCUtsq00AzblrWlQ== Completed in 3ms
163 timing metavuln:calculate:security-advisory:d3:a7EqjKFx6XJgOZ7nJ58IpWH2G89VNRpzpxFL7SjBAx93Rlbb6jYPJk9Xgb9+Ax+7unBh6EzCUtsq00AzblrWlQ== Completed in 5ms
164 timing metavuln:cache:get:security-advisory:d3-brush:XuiUaMtdn43WCwMvCFZTdYXyJIJXEA7fmZYMMh2OwWQrTvP85Ka+C3X2C3qM1kcBrWjoZaDdGwY0mkAMUZpHUw== Completed in 5ms
165 timing metavuln:load:security-advisory:d3-brush:a7EqjKFx6XJgOZ7nJ58IpWH2G89VNRpzpxFL7SjBAx93Rlbb6jYPJk9Xgb9+Ax+7unBh6EzCUtsq00AzblrWlQ== Completed in 1ms
166 timing metavuln:calculate:security-advisory:d3-brush:a7EqjKFx6XJgOZ7nJ58IpWH2G89VNRpzpxFL7SjBAx93Rlbb6jYPJk9Xgb9+Ax+7unBh6EzCUtsq00AzblrWlQ== Completed in 6ms
167 timing metavuln:cache:get:security-advisory:d3-zoom:1hh19LN4MEECkX4XH5qidMdE4S2wHhl6C+xrR9LpuLey5eCYsE+svXH3EoZZu5ljlVvys0AvvtQQyZsg1DnO8Q== Completed in 7ms
168 timing metavuln:load:security-advisory:d3-zoom:a7EqjKFx6XJgOZ7nJ58IpWH2G89VNRpzpxFL7SjBAx93Rlbb6jYPJk9Xgb9+Ax+7unBh6EzCUtsq00AzblrWlQ== Completed in 0ms
169 timing metavuln:calculate:security-advisory:d3-zoom:a7EqjKFx6XJgOZ7nJ58IpWH2G89VNRpzpxFL7SjBAx93Rlbb6jYPJk9Xgb9+Ax+7unBh6EzCUtsq00AzblrWlQ== Completed in 7ms
170 timing metavuln:cache:get:security-advisory:ascii-art-graph:T3AME6nq4wLcjLhbQR2b0PZp/EK9d78TSIkraGpuwndqB9GB+KJ+/NB1KtoxiCKG1iAdUUlOOw4wVmHNgA/N3A== Completed in 2ms
171 http fetch GET 200 https://registry.npmjs.org/ascii-art-graph 122ms (cache revalidated)
172 timing metavuln:packument:ascii-art-graph Completed in 123ms
173 timing metavuln:load:security-advisory:ascii-art-graph:nD8/rL0pimqDqzdOnh8RBlSANsQXZQcVaJ5l4tI+9rW+CZR293A/uu6fp8GkRKkePkatanrTAfN+S2RdB4eQPg== Completed in 1ms
174 timing metavuln:calculate:security-advisory:ascii-art-graph:nD8/rL0pimqDqzdOnh8RBlSANsQXZQcVaJ5l4tI+9rW+CZR293A/uu6fp8GkRKkePkatanrTAfN+S2RdB4eQPg== Completed in 124ms
175 timing metavuln:cache:get:security-advisory:d3:+XmjvXhvB34gtxFo+zn6HOmCFXOMcaAPz8ch2yQCWLkhrSTP9bNVoLqYtvEvUrco0uPm7rP99uZViI+p0/zHQw== Completed in 1ms
176 timing metavuln:load:security-advisory:d3:LEWojVFa5YFPuDB69ZvzznZ0XSA7sQAz/j6ecKiTUDNMnSZ78aYmoC9AwFwK4R9EXp3JFdgG/TCTxSmDNS2igA== Completed in 3ms
177 timing metavuln:calculate:security-advisory:d3:LEWojVFa5YFPuDB69ZvzznZ0XSA7sQAz/j6ecKiTUDNMnSZ78aYmoC9AwFwK4R9EXp3JFdgG/TCTxSmDNS2igA== Completed in 4ms
178 timing metavuln:cache:get:security-advisory:load-bmfont:yG/pa2Z5PfeKciUkIj1bkaEIoFfta2y6QNYQsdja29bmM4TU30WvZto+JU9Nr/txDmQ3u9Fy9Zu+LmSlT8RyGQ== Completed in 2ms
179 http fetch GET 200 https://registry.npmjs.org/load-bmfont 349ms (cache revalidated)
180 timing metavuln:packument:load-bmfont Completed in 349ms
181 timing metavuln:load:security-advisory:load-bmfont:IxH3x07FnyhLVt2wQ0GULuupSzWQYCGNj/EdtjELcJk25Ehzy/6EbsqfW1g60G0t8w6umlL5YUAPRyTJC/suuw== Completed in 0ms
182 timing metavuln:calculate:security-advisory:load-bmfont:IxH3x07FnyhLVt2wQ0GULuupSzWQYCGNj/EdtjELcJk25Ehzy/6EbsqfW1g60G0t8w6umlL5YUAPRyTJC/suuw== Completed in 351ms
183 timing metavuln:cache:get:security-advisory:ascii-art:Kf18eM2cdVcONj7MIhmOoB5Jzkwv8Qk321zxMsy2PA0ukevHOevQYp98xKCBNMcgouWuF0cHDkSnTw08xTpz6w== Completed in 9ms
184 timing metavuln:cache:get:security-advisory:ascii-art-graph:2QZwXGgm8FfyGGOKhCynpwihEHKmUSK/2h0VnL7NeHyxfjOq82J08QNIRRu3E43QeAwbq2sn30j20/7FTrnX3g== Completed in 8ms
185 timing metavuln:load:security-advisory:ascii-art-graph:bnrwuRnGpu4SBNXOXHbZjo2/GPArXD37qmu0MSYVxc/105bO8rJ7r128PkwxbvUeXiY6amZ7lPxeUAckPYJWUg== Completed in 1ms
186 timing metavuln:calculate:security-advisory:ascii-art-graph:bnrwuRnGpu4SBNXOXHbZjo2/GPArXD37qmu0MSYVxc/105bO8rJ7r128PkwxbvUeXiY6amZ7lPxeUAckPYJWUg== Completed in 9ms
187 timing metavuln:cache:get:security-advisory:ascii-art-image:+zLB4si6OLiEOgsICNEU/n/5gU3/hdx1tfWLpct70EwubK1JUqNss6urdD9UJxW89FcFaDaZsV9oKxSNhu0USQ== Completed in 9ms
188 timing metavuln:cache:get:security-advisory:ascii-art-table:khz2fIZa27AV1mdiG3NbRqQ3COJkr6s+S2mFPykrIww+79zBxSMIiyZD7x85mpOte2Vqm1/s7O3tmEz6044i+A== Completed in 8ms
189 timing metavuln:cache:get:security-advisory:ascii-art-utf:xfEUUYV9/2RVkx6eMZ+qCAfZKDjuaY+YdEXEf1kKeuXIZd8V89HYaY5XYO7QANGt/GQM2QaMgaKqf3n31O73xg== Completed in 8ms
190 http fetch GET 200 https://registry.npmjs.org/ascii-art-utf 126ms (cache revalidated)
191 timing metavuln:packument:ascii-art-utf Completed in 126ms
192 timing metavuln:load:security-advisory:ascii-art-utf:bnrwuRnGpu4SBNXOXHbZjo2/GPArXD37qmu0MSYVxc/105bO8rJ7r128PkwxbvUeXiY6amZ7lPxeUAckPYJWUg== Completed in 0ms
193 timing metavuln:calculate:security-advisory:ascii-art-utf:bnrwuRnGpu4SBNXOXHbZjo2/GPArXD37qmu0MSYVxc/105bO8rJ7r128PkwxbvUeXiY6amZ7lPxeUAckPYJWUg== Completed in 127ms
194 http fetch GET 200 https://registry.npmjs.org/ascii-art 145ms (cache revalidated)
195 timing metavuln:packument:ascii-art Completed in 147ms
196 timing metavuln:load:security-advisory:ascii-art:bnrwuRnGpu4SBNXOXHbZjo2/GPArXD37qmu0MSYVxc/105bO8rJ7r128PkwxbvUeXiY6amZ7lPxeUAckPYJWUg== Completed in 0ms
197 timing metavuln:calculate:security-advisory:ascii-art:bnrwuRnGpu4SBNXOXHbZjo2/GPArXD37qmu0MSYVxc/105bO8rJ7r128PkwxbvUeXiY6amZ7lPxeUAckPYJWUg== Completed in 147ms
198 http fetch GET 200 https://registry.npmjs.org/ascii-art-image 156ms (cache revalidated)
199 timing metavuln:packument:ascii-art-image Completed in 157ms
200 timing metavuln:load:security-advisory:ascii-art-image:bnrwuRnGpu4SBNXOXHbZjo2/GPArXD37qmu0MSYVxc/105bO8rJ7r128PkwxbvUeXiY6amZ7lPxeUAckPYJWUg== Completed in 0ms
201 timing metavuln:calculate:security-advisory:ascii-art-image:bnrwuRnGpu4SBNXOXHbZjo2/GPArXD37qmu0MSYVxc/105bO8rJ7r128PkwxbvUeXiY6amZ7lPxeUAckPYJWUg== Completed in 157ms
202 http fetch GET 200 https://registry.npmjs.org/ascii-art-table 373ms (cache revalidated)
203 timing metavuln:packument:ascii-art-table Completed in 373ms
204 timing metavuln:load:security-advisory:ascii-art-table:bnrwuRnGpu4SBNXOXHbZjo2/GPArXD37qmu0MSYVxc/105bO8rJ7r128PkwxbvUeXiY6amZ7lPxeUAckPYJWUg== Completed in 0ms
205 timing metavuln:calculate:security-advisory:ascii-art-table:bnrwuRnGpu4SBNXOXHbZjo2/GPArXD37qmu0MSYVxc/105bO8rJ7r128PkwxbvUeXiY6amZ7lPxeUAckPYJWUg== Completed in 375ms
206 timing metavuln:cache:get:security-advisory:d3:6zDgYeUZLBpoG/M6lVN57mw28h2Eo7xxCiFaU75VIS8adtXf4hCp6z6RDU+m4RuPA5/ftu/MGCjsvFpVrIlmSA== Completed in 2ms
207 timing metavuln:load:security-advisory:d3:Ed3OTeqPJFip9ejVFpMWhaSkEDEVzXOLC3myQxoQ8OAEJetWIlqim9FmQNm/iDIq1clc7eICIOTZlHt6+BRWdg== Completed in 3ms
208 timing metavuln:calculate:security-advisory:d3:Ed3OTeqPJFip9ejVFpMWhaSkEDEVzXOLC3myQxoQ8OAEJetWIlqim9FmQNm/iDIq1clc7eICIOTZlHt6+BRWdg== Completed in 5ms
209 timing metavuln:cache:get:security-advisory:d3:nHHy9jqBLAz1K0E9194lYcDGSNEiz7uUP/uSr+abihoc1hbuaqrladEWcRXK4Ky/uRRqaiEkJ56JGD4wacPf6A== Completed in 2ms
210 timing metavuln:load:security-advisory:d3:eHGtrxRYjxhCmzSv/zrfYYoEuaOhtckXj8YChuEVd9DZP/XAtjuZgRyoyZdHq9rgcUXO0WxzOWvcSrf3vK+3dg== Completed in 3ms
211 timing metavuln:calculate:security-advisory:d3:eHGtrxRYjxhCmzSv/zrfYYoEuaOhtckXj8YChuEVd9DZP/XAtjuZgRyoyZdHq9rgcUXO0WxzOWvcSrf3vK+3dg== Completed in 5ms
212 timing metavuln:cache:get:security-advisory:d3:wIpoUjrVovBAKrj90IEkz8gvXyoCMY3cH/1kl7LvEN7/eU4lqNQEhxM7sCcV9c+qy6LRCOArCIvdFMwjIX15Xg== Completed in 7ms
213 timing metavuln:load:security-advisory:d3:YRwhgeRn7AFBRXR5hQ6GNEvJvSz1pe5WeXtAjzBofNcN/RaCX/Z4dWPI0eUMhbCuK/hxX8nzqYsE968qOLWpew== Completed in 2ms
214 timing metavuln:calculate:security-advisory:d3:YRwhgeRn7AFBRXR5hQ6GNEvJvSz1pe5WeXtAjzBofNcN/RaCX/Z4dWPI0eUMhbCuK/hxX8nzqYsE968qOLWpew== Completed in 9ms
215 timing metavuln:cache:get:security-advisory:ascii-art:CNkWGXDLnu3wLF2y+v8i5zU2xUWsjgrDbD4T+yuVNRwU3Zaib1FVKY4tn8rz/rRYXGKWLJUfhouB5liKfoV0gQ== Completed in 2ms
216 timing metavuln:load:security-advisory:ascii-art:T3AME6nq4wLcjLhbQR2b0PZp/EK9d78TSIkraGpuwndqB9GB+KJ+/NB1KtoxiCKG1iAdUUlOOw4wVmHNgA/N3A== Completed in 0ms
217 timing metavuln:calculate:security-advisory:ascii-art:T3AME6nq4wLcjLhbQR2b0PZp/EK9d78TSIkraGpuwndqB9GB+KJ+/NB1KtoxiCKG1iAdUUlOOw4wVmHNgA/N3A== Completed in 2ms
218 timing metavuln:cache:get:security-advisory:@jimp/plugin-print:SdTwffRX4azVVftrz70UadGla2VUyWv2Ewc9pSNyTqsSc+J2IOU91kz9GwXU4toI6rNEJod0F/PCDVefYLCnGQ== Completed in 8ms
219 timing metavuln:cache:get:security-advisory:@jimp/core:4SjNu5cvUcXI+gHrTLo9yklVQe2ymZBtZBiOvEsr1C3ddn+OpcEELUM6Puzb6YYn0By2hGNgeAnESPG7GAAHEQ== Completed in 7ms
220 http fetch GET 200 https://registry.npmjs.org/@jimp%2fplugin-print 745ms (cache revalidated)
221 timing metavuln:packument:@jimp/plugin-print Completed in 750ms
222 timing metavuln:load:security-advisory:@jimp/plugin-print:yG/pa2Z5PfeKciUkIj1bkaEIoFfta2y6QNYQsdja29bmM4TU30WvZto+JU9Nr/txDmQ3u9Fy9Zu+LmSlT8RyGQ== Completed in 5ms
223 timing metavuln:calculate:security-advisory:@jimp/plugin-print:yG/pa2Z5PfeKciUkIj1bkaEIoFfta2y6QNYQsdja29bmM4TU30WvZto+JU9Nr/txDmQ3u9Fy9Zu+LmSlT8RyGQ== Completed in 756ms
224 http fetch GET 200 https://registry.npmjs.org/@jimp%2fcore 760ms (cache revalidated)
225 timing metavuln:packument:@jimp/core Completed in 765ms
226 timing metavuln:load:security-advisory:@jimp/core:yG/pa2Z5PfeKciUkIj1bkaEIoFfta2y6QNYQsdja29bmM4TU30WvZto+JU9Nr/txDmQ3u9Fy9Zu+LmSlT8RyGQ== Completed in 3ms
227 timing metavuln:calculate:security-advisory:@jimp/core:yG/pa2Z5PfeKciUkIj1bkaEIoFfta2y6QNYQsdja29bmM4TU30WvZto+JU9Nr/txDmQ3u9Fy9Zu+LmSlT8RyGQ== Completed in 769ms
228 timing metavuln:cache:get:security-advisory:ascii-art:0LIgkzO9IppagGZf8/GdVouQMBQs7TovjG8llJ4uwEpYqMF0m/Ng65RohglRymLwRXyabELDIvp8BsYeZHN35Q== Completed in 3ms
229 timing metavuln:load:security-advisory:ascii-art:xfEUUYV9/2RVkx6eMZ+qCAfZKDjuaY+YdEXEf1kKeuXIZd8V89HYaY5XYO7QANGt/GQM2QaMgaKqf3n31O73xg== Completed in 0ms
230 timing metavuln:calculate:security-advisory:ascii-art:xfEUUYV9/2RVkx6eMZ+qCAfZKDjuaY+YdEXEf1kKeuXIZd8V89HYaY5XYO7QANGt/GQM2QaMgaKqf3n31O73xg== Completed in 3ms
231 timing metavuln:cache:get:security-advisory:ascii-art:nxmTaxbFRmVrD752C3c9WfXkIHvA5NGQ5RZ3RXaAKp6BrdtgwkN3JPi6YUn+Hx8A5c4x9861/Jq43QpVDpuuSQ== Completed in 2ms
232 timing metavuln:load:security-advisory:ascii-art:+zLB4si6OLiEOgsICNEU/n/5gU3/hdx1tfWLpct70EwubK1JUqNss6urdD9UJxW89FcFaDaZsV9oKxSNhu0USQ== Completed in 1ms
233 timing metavuln:calculate:security-advisory:ascii-art:+zLB4si6OLiEOgsICNEU/n/5gU3/hdx1tfWLpct70EwubK1JUqNss6urdD9UJxW89FcFaDaZsV9oKxSNhu0USQ== Completed in 3ms
234 timing metavuln:cache:get:security-advisory:ascii-art:Py5EO6c2upQ0dCg3jRHNv0gc6FpU2oImee/5A/CjgEaSuH757Z7Q0lWOqP+Jr4Z5UQ3rbQu1JXD+Lk2GSrsGVg== Completed in 4ms
235 timing metavuln:load:security-advisory:ascii-art:khz2fIZa27AV1mdiG3NbRqQ3COJkr6s+S2mFPykrIww+79zBxSMIiyZD7x85mpOte2Vqm1/s7O3tmEz6044i+A== Completed in 0ms
236 timing metavuln:calculate:security-advisory:ascii-art:khz2fIZa27AV1mdiG3NbRqQ3COJkr6s+S2mFPykrIww+79zBxSMIiyZD7x85mpOte2Vqm1/s7O3tmEz6044i+A== Completed in 4ms
237 timing metavuln:cache:get:security-advisory:@jimp/plugins:pkd/zeeXXCZno++k0iZybS3qsFLDSrAwMFd62pkRgz1/rfF4Mc0O8B+t/c4LtC0jhTm6K/Irp75KxOF1gevtaw== Completed in 3ms
238 http fetch GET 200 https://registry.npmjs.org/@jimp%2fplugins 123ms (cache revalidated)
239 timing metavuln:packument:@jimp/plugins Completed in 128ms
240 timing metavuln:load:security-advisory:@jimp/plugins:SdTwffRX4azVVftrz70UadGla2VUyWv2Ewc9pSNyTqsSc+J2IOU91kz9GwXU4toI6rNEJod0F/PCDVefYLCnGQ== Completed in 3ms
241 timing metavuln:calculate:security-advisory:@jimp/plugins:SdTwffRX4azVVftrz70UadGla2VUyWv2Ewc9pSNyTqsSc+J2IOU91kz9GwXU4toI6rNEJod0F/PCDVefYLCnGQ== Completed in 132ms
242 timing metavuln:cache:get:security-advisory:@jimp/custom:+xCJZ2w2PkxbnvhNL1MEvbooxTKotonJyQAGUQ6Qs4PO/3PNuvTzgFXHEaVGfgTfZNb9qPqS+e7rgQZu1jQMKg== Completed in 9ms
243 http fetch GET 200 https://registry.npmjs.org/@jimp%2fcustom 487ms (cache revalidated)
244 timing metavuln:packument:@jimp/custom Completed in 490ms
245 timing metavuln:load:security-advisory:@jimp/custom:4SjNu5cvUcXI+gHrTLo9yklVQe2ymZBtZBiOvEsr1C3ddn+OpcEELUM6Puzb6YYn0By2hGNgeAnESPG7GAAHEQ== Completed in 2ms
246 timing metavuln:calculate:security-advisory:@jimp/custom:4SjNu5cvUcXI+gHrTLo9yklVQe2ymZBtZBiOvEsr1C3ddn+OpcEELUM6Puzb6YYn0By2hGNgeAnESPG7GAAHEQ== Completed in 494ms
247 timing metavuln:cache:get:security-advisory:jimp:ExzPDHgUiFBddCw3gFuiXi424Y536Pt1cneb6BOXrKCeOz1R4kymRgwNSTYZ3HigogtVIzRCmeeviKeWxvweaw== Completed in 4ms
248 http fetch GET 200 https://registry.npmjs.org/jimp 335ms (cache revalidated)
249 timing metavuln:packument:jimp Completed in 340ms
250 timing metavuln:load:security-advisory:jimp:pkd/zeeXXCZno++k0iZybS3qsFLDSrAwMFd62pkRgz1/rfF4Mc0O8B+t/c4LtC0jhTm6K/Irp75KxOF1gevtaw== Completed in 3ms
251 timing metavuln:calculate:security-advisory:jimp:pkd/zeeXXCZno++k0iZybS3qsFLDSrAwMFd62pkRgz1/rfF4Mc0O8B+t/c4LtC0jhTm6K/Irp75KxOF1gevtaw== Completed in 344ms
252 timing metavuln:cache:get:security-advisory:@jimp/bmp:m6yYkhWogZu4lMdcp+s9CK1DVaGdgjj+XgIShgz4pruQ8jShyOJWdicPN3u70vhWvDqSibAH1KQulVHgSm33eA== Completed in 308ms
253 timing metavuln:cache:get:security-advisory:@jimp/gif:1GCuD4JFC/ufmTHA5REry6Iolk56GJq5zR0NRaDJZt/TdrSi1B94J+pYQdNl7b3dGelsbl36EWhp0W7dg60fZg== Completed in 307ms
254 timing metavuln:cache:get:security-advisory:@jimp/jpeg:mfkF8st3ZkjolDeg71gjifbQrmQOo0y765ctnTUZkOAXEqyXedRfWZl52Sx9TTx8qNtH+RwKAYUy25J62Uff+g== Completed in 306ms
255 timing metavuln:cache:get:security-advisory:@jimp/plugin-blit:8kgSNo3WpjKIOxs00olBoHZEXT29n5tLWaiZKcETu0riDOuewAUEyqwphsxe9dkRVB6kH6ffh0eP19EWAUTUGw== Completed in 306ms
256 timing metavuln:cache:get:security-advisory:@jimp/plugin-blur:tb3RhL4spiI6D1jgMJLx3WhPbQybAHVAHLcczFCjxT9KrkOZ43kpByPhcn36Q0NTANxNDcFSynHQpgaaN54vnQ== Completed in 305ms
257 timing metavuln:cache:get:security-advisory:@jimp/plugin-circle:0y7uYzL0quASupFYn82n3ytOl27r0DPJSqZr1CeEF+oahTVwUBlTZGaAwPyHCVB1Oa295lJFml54HMa6IDIwWA== Completed in 304ms
258 timing metavuln:cache:get:security-advisory:@jimp/plugin-color:WOccqI5YEQZEeN8cNGoy0wbcxKMQm4yZd862LcTtFhhgC7OYS1+brhTjQs15k2tUjVoanV1Hvb6WYNAOg4QhEw== Completed in 304ms
259 timing metavuln:cache:get:security-advisory:@jimp/plugin-contain:OTPnMDp4RKBbWDFZM3RYMUNTLdD9vXeP5ObdC30yi7+kwy/go0g8RkYmL5P2+tmVEI+Cy1BhnAih884bsezUwg== Completed in 303ms
260 timing metavuln:cache:get:security-advisory:@jimp/plugin-cover:bGO75/kXZnwOAwoHLCSxYxxMjW0QkM5PkMQggwjV/auQY3xYLyqjCj+Niy3bb4NcXFud6L//1rldfOzbMF2h/g== Completed in 303ms
261 timing metavuln:cache:get:security-advisory:@jimp/plugin-crop:FtlKlMU9M4N1t/VWv6wCfCOMUEzhD0lZe9cT0hhjlosKaTpQvbO/B4wOmwgQ7CNaCYumwRzn5FN/57FIxE5SFg== Completed in 302ms
262 timing metavuln:cache:get:security-advisory:@jimp/plugin-dither:HZVhR9E6c/IRYSTFJmVzhWXgATixjq9rgk2ooJW+nZ3exFmPCFS4Hdusw+FgsAm8tK1wy+Rp8eA0JOojkBs9Uw== Completed in 300ms
263 timing metavuln:cache:get:security-advisory:@jimp/plugin-displace:+XxrIpr+wQE16iAKqXknlYvWWamOy4nk/ABSkYtCHt6LDFp8+V4HJdK8M/mg8C7V3cG8ZGBU2+UQOL8h6dnsWA== Completed in 302ms
264 timing metavuln:cache:get:security-advisory:@jimp/plugin-fisheye:5HtwUhNafftwVLly2s3+wPQGc+ZO70y1zX19GBhDOrZWkLzD6gEnVHR2stkPsWDEYBDqgBbINJeHFY9/cgISkg== Completed in 299ms
265 timing metavuln:cache:get:security-advisory:@jimp/plugin-flip:DuwZxdZ71wT64x1jmgxZCkXesZRWIqa31PK7yFmJhaQ5mesDsA1ULmqw9aKmFNIXFbfercaWX2puDUHNW3tbWg== Completed in 298ms
266 timing metavuln:cache:get:security-advisory:@jimp/plugin-gaussian:Zi7uzAMzhqy5idVJ6fPgFecitTU696hW6eK1EgVaA19YVrArrb8tdLFc+p1M4z62RHStbJoqJ09nhVQwu4IFGA== Completed in 298ms
267 timing metavuln:cache:get:security-advisory:@jimp/plugin-invert:AsGoP3X7zbNQ7cU5mVQwhn/PN40L3fEoYgtBAb3zkhaK7pE8OqJTTUhyqU6gRIMjMUgDCf780HKdILqedGGUUg== Completed in 297ms
268 timing metavuln:cache:get:security-advisory:@jimp/plugin-mask:IluNQaoO1W4aH45Btyop1nIelsgsjknE5Xt+l7myESnpDB8SwxA8cYafvnjXg2SPuZRq7fQxCf/2Af36AZzypA== Completed in 296ms
269 timing metavuln:cache:get:security-advisory:@jimp/plugin-normalize:VxBAYLPBCv8c68BVQjsgygdRwa5HN5GicxDYnhXWYH0JB0nXGjZxGgWf741zepvWFNeljxJSNxmtEK5Xd4VP0Q== Completed in 295ms
270 timing metavuln:cache:get:security-advisory:@jimp/plugin-print:dVLw6v8nlHTdQHY0qr+ieyLb/mYhNtp7/7HAhIzO7LeqJNzW9JUKDmMknqo+Kp488y5sqisXMJfkEP6Ddn+cYg== Completed in 293ms
271 timing metavuln:load:security-advisory:@jimp/plugin-print:+xCJZ2w2PkxbnvhNL1MEvbooxTKotonJyQAGUQ6Qs4PO/3PNuvTzgFXHEaVGfgTfZNb9qPqS+e7rgQZu1jQMKg== Completed in 3ms
272 timing metavuln:calculate:security-advisory:@jimp/plugin-print:+xCJZ2w2PkxbnvhNL1MEvbooxTKotonJyQAGUQ6Qs4PO/3PNuvTzgFXHEaVGfgTfZNb9qPqS+e7rgQZu1jQMKg== Completed in 296ms
273 timing metavuln:cache:get:security-advisory:@jimp/plugin-resize:wlUBJDUmoPjqTSVAouv9/FTP2gMrhLlWgSQyseJY4+jtz4VKE1yR8u0Yg5cJUEeT7tfcHjW8uC1PZbrt235mVA== Completed in 302ms
274 timing metavuln:cache:get:security-advisory:@jimp/plugin-rotate:YnbdWbh1iP8xFW++nJgiPVQGLy3LBLmoGUHMywZG/6slQSXzj3fgStVG7pbDI8YcQs4Z6C7GWbfG8VudSqdCNA== Completed in 302ms
275 timing metavuln:cache:get:security-advisory:@jimp/plugin-scale:vyLhHuIo2vSbbUnrlI9pYJU58/qrMXdMg53tzqFBv8nYHMgGN7x04fpGyNkHzNBheo5dpibqOD7bkk3h/BXsyQ== Completed in 300ms
276 timing metavuln:cache:get:security-advisory:@jimp/plugin-shadow:QeDEx9fGOUMIOotbDiQNXtgRgiDk9FpT1/kLBsqvMgqepWLE3vlPnNXFBX+gpa0tR69FaLEPpsf8iyZBrkiLnA== Completed in 300ms
277 timing metavuln:cache:get:security-advisory:@jimp/plugin-threshold:8MRRTOZQYZvqN8oAA0LEjAuAF78aD22xRxcNCdQv9tES8hecFWSJhgf0RbefFdjliV5olotYeICZ9BhKvc3QbA== Completed in 298ms
278 timing metavuln:cache:get:security-advisory:@jimp/plugins:60Mo0Fcy0DPm2b08Ah/zBuJ2ksL8M2ZxnLGsjwQXVNq7m1+VvrUFIHbPh/DwQXsr3A9Q9x5lfgDUEym+1SNN7Q== Completed in 291ms
279 timing metavuln:load:security-advisory:@jimp/plugins:+xCJZ2w2PkxbnvhNL1MEvbooxTKotonJyQAGUQ6Qs4PO/3PNuvTzgFXHEaVGfgTfZNb9qPqS+e7rgQZu1jQMKg== Completed in 3ms
280 timing metavuln:calculate:security-advisory:@jimp/plugins:+xCJZ2w2PkxbnvhNL1MEvbooxTKotonJyQAGUQ6Qs4PO/3PNuvTzgFXHEaVGfgTfZNb9qPqS+e7rgQZu1jQMKg== Completed in 295ms
281 timing metavuln:cache:get:security-advisory:@jimp/png:LTMrTtwstCgV9r13RwtyVNAdjr6A3+dPjoAe28w4IM+wH9xBNSHJNoO+djwQNWzfwkhJsPh/VdQbz/YBjudkhA== Completed in 294ms
282 timing metavuln:cache:get:security-advisory:@jimp/tiff:kN3XaqMNQcM1T6GKoE4ivIlqmzD6k+KSmPpMfm6qaUoqU9y7PfTU/DTrq0uRFxRPNL4b82Jp53dvvO1HFLeyig== Completed in 294ms
283 timing metavuln:cache:get:security-advisory:@jimp/types:uEIbrTU1O2D6fzrDlWAKHQend2P4mChturpimmpUtFynFQ6884e4HRZDRGOIw3Lo9lzxkkhueIMQ+zAuuPXBJw== Completed in 293ms
284 timing metavuln:cache:get:security-advisory:jimp:WhzasLIXCOMShY85NurelmrwsBdlzRHZht89rsfJwTS+2lMYebb5cEZVNgL2Eyq5naXRfosY5SDYXMSBWsvELQ== Completed in 292ms
285 timing metavuln:load:security-advisory:jimp:+xCJZ2w2PkxbnvhNL1MEvbooxTKotonJyQAGUQ6Qs4PO/3PNuvTzgFXHEaVGfgTfZNb9qPqS+e7rgQZu1jQMKg== Completed in 6ms
286 timing metavuln:calculate:security-advisory:jimp:+xCJZ2w2PkxbnvhNL1MEvbooxTKotonJyQAGUQ6Qs4PO/3PNuvTzgFXHEaVGfgTfZNb9qPqS+e7rgQZu1jQMKg== Completed in 298ms
287 http fetch GET 200 https://registry.npmjs.org/@jimp%2fplugin-blit 616ms (cache revalidated)
288 timing metavuln:packument:@jimp/plugin-blit Completed in 620ms
289 timing metavuln:load:security-advisory:@jimp/plugin-blit:+xCJZ2w2PkxbnvhNL1MEvbooxTKotonJyQAGUQ6Qs4PO/3PNuvTzgFXHEaVGfgTfZNb9qPqS+e7rgQZu1jQMKg== Completed in 2ms
290 timing metavuln:calculate:security-advisory:@jimp/plugin-blit:+xCJZ2w2PkxbnvhNL1MEvbooxTKotonJyQAGUQ6Qs4PO/3PNuvTzgFXHEaVGfgTfZNb9qPqS+e7rgQZu1jQMKg== Completed in 622ms
291 http fetch GET 200 https://registry.npmjs.org/@jimp%2fplugin-contain 621ms (cache revalidated)
292 timing metavuln:packument:@jimp/plugin-contain Completed in 624ms
293 timing metavuln:load:security-advisory:@jimp/plugin-contain:+xCJZ2w2PkxbnvhNL1MEvbooxTKotonJyQAGUQ6Qs4PO/3PNuvTzgFXHEaVGfgTfZNb9qPqS+e7rgQZu1jQMKg== Completed in 1ms
294 timing metavuln:calculate:security-advisory:@jimp/plugin-contain:+xCJZ2w2PkxbnvhNL1MEvbooxTKotonJyQAGUQ6Qs4PO/3PNuvTzgFXHEaVGfgTfZNb9qPqS+e7rgQZu1jQMKg== Completed in 628ms
295 http fetch GET 200 https://registry.npmjs.org/@jimp%2fplugin-normalize 676ms (cache revalidated)
296 timing metavuln:packument:@jimp/plugin-normalize Completed in 680ms
297 timing metavuln:load:security-advisory:@jimp/plugin-normalize:+xCJZ2w2PkxbnvhNL1MEvbooxTKotonJyQAGUQ6Qs4PO/3PNuvTzgFXHEaVGfgTfZNb9qPqS+e7rgQZu1jQMKg== Completed in 2ms
298 timing metavuln:calculate:security-advisory:@jimp/plugin-normalize:+xCJZ2w2PkxbnvhNL1MEvbooxTKotonJyQAGUQ6Qs4PO/3PNuvTzgFXHEaVGfgTfZNb9qPqS+e7rgQZu1jQMKg== Completed in 682ms
299 http fetch GET 200 https://registry.npmjs.org/@jimp%2fplugin-resize 691ms (cache revalidated)
300 timing metavuln:packument:@jimp/plugin-resize Completed in 695ms
301 timing metavuln:load:security-advisory:@jimp/plugin-resize:+xCJZ2w2PkxbnvhNL1MEvbooxTKotonJyQAGUQ6Qs4PO/3PNuvTzgFXHEaVGfgTfZNb9qPqS+e7rgQZu1jQMKg== Completed in 2ms
302 timing metavuln:calculate:security-advisory:@jimp/plugin-resize:+xCJZ2w2PkxbnvhNL1MEvbooxTKotonJyQAGUQ6Qs4PO/3PNuvTzgFXHEaVGfgTfZNb9qPqS+e7rgQZu1jQMKg== Completed in 698ms
303 http fetch GET 200 https://registry.npmjs.org/@jimp%2fplugin-color 725ms (cache revalidated)
304 timing metavuln:packument:@jimp/plugin-color Completed in 730ms
305 timing metavuln:load:security-advisory:@jimp/plugin-color:+xCJZ2w2PkxbnvhNL1MEvbooxTKotonJyQAGUQ6Qs4PO/3PNuvTzgFXHEaVGfgTfZNb9qPqS+e7rgQZu1jQMKg== Completed in 2ms
306 timing metavuln:calculate:security-advisory:@jimp/plugin-color:+xCJZ2w2PkxbnvhNL1MEvbooxTKotonJyQAGUQ6Qs4PO/3PNuvTzgFXHEaVGfgTfZNb9qPqS+e7rgQZu1jQMKg== Completed in 732ms
307 http fetch GET 200 https://registry.npmjs.org/@jimp%2fplugin-crop 745ms (cache revalidated)
308 timing metavuln:packument:@jimp/plugin-crop Completed in 749ms
309 timing metavuln:load:security-advisory:@jimp/plugin-crop:+xCJZ2w2PkxbnvhNL1MEvbooxTKotonJyQAGUQ6Qs4PO/3PNuvTzgFXHEaVGfgTfZNb9qPqS+e7rgQZu1jQMKg== Completed in 2ms
310 timing metavuln:calculate:security-advisory:@jimp/plugin-crop:+xCJZ2w2PkxbnvhNL1MEvbooxTKotonJyQAGUQ6Qs4PO/3PNuvTzgFXHEaVGfgTfZNb9qPqS+e7rgQZu1jQMKg== Completed in 751ms
311 http fetch GET 200 https://registry.npmjs.org/@jimp%2fplugin-cover 772ms (cache revalidated)
312 timing metavuln:packument:@jimp/plugin-cover Completed in 776ms
313 timing metavuln:load:security-advisory:@jimp/plugin-cover:+xCJZ2w2PkxbnvhNL1MEvbooxTKotonJyQAGUQ6Qs4PO/3PNuvTzgFXHEaVGfgTfZNb9qPqS+e7rgQZu1jQMKg== Completed in 2ms
314 timing metavuln:calculate:security-advisory:@jimp/plugin-cover:+xCJZ2w2PkxbnvhNL1MEvbooxTKotonJyQAGUQ6Qs4PO/3PNuvTzgFXHEaVGfgTfZNb9qPqS+e7rgQZu1jQMKg== Completed in 778ms
315 http fetch GET 200 https://registry.npmjs.org/@jimp%2fplugin-mask 813ms (cache revalidated)
316 timing metavuln:packument:@jimp/plugin-mask Completed in 817ms
317 timing metavuln:load:security-advisory:@jimp/plugin-mask:+xCJZ2w2PkxbnvhNL1MEvbooxTKotonJyQAGUQ6Qs4PO/3PNuvTzgFXHEaVGfgTfZNb9qPqS+e7rgQZu1jQMKg== Completed in 3ms
318 timing metavuln:calculate:security-advisory:@jimp/plugin-mask:+xCJZ2w2PkxbnvhNL1MEvbooxTKotonJyQAGUQ6Qs4PO/3PNuvTzgFXHEaVGfgTfZNb9qPqS+e7rgQZu1jQMKg== Completed in 821ms
319 http fetch GET 200 https://registry.npmjs.org/@jimp%2fbmp 917ms (cache revalidated)
320 timing metavuln:packument:@jimp/bmp Completed in 921ms
321 timing metavuln:load:security-advisory:@jimp/bmp:+xCJZ2w2PkxbnvhNL1MEvbooxTKotonJyQAGUQ6Qs4PO/3PNuvTzgFXHEaVGfgTfZNb9qPqS+e7rgQZu1jQMKg== Completed in 1ms
322 timing metavuln:calculate:security-advisory:@jimp/bmp:+xCJZ2w2PkxbnvhNL1MEvbooxTKotonJyQAGUQ6Qs4PO/3PNuvTzgFXHEaVGfgTfZNb9qPqS+e7rgQZu1jQMKg== Completed in 922ms
323 http fetch GET 200 https://registry.npmjs.org/@jimp%2fplugin-dither 1009ms (cache revalidated)
324 timing metavuln:packument:@jimp/plugin-dither Completed in 1012ms
325 timing metavuln:load:security-advisory:@jimp/plugin-dither:+xCJZ2w2PkxbnvhNL1MEvbooxTKotonJyQAGUQ6Qs4PO/3PNuvTzgFXHEaVGfgTfZNb9qPqS+e7rgQZu1jQMKg== Completed in 1ms
326 timing metavuln:calculate:security-advisory:@jimp/plugin-dither:+xCJZ2w2PkxbnvhNL1MEvbooxTKotonJyQAGUQ6Qs4PO/3PNuvTzgFXHEaVGfgTfZNb9qPqS+e7rgQZu1jQMKg== Completed in 1014ms
327 http fetch GET 200 https://registry.npmjs.org/@jimp%2fgif 1024ms (cache revalidated)
328 timing metavuln:packument:@jimp/gif Completed in 1026ms
329 timing metavuln:load:security-advisory:@jimp/gif:+xCJZ2w2PkxbnvhNL1MEvbooxTKotonJyQAGUQ6Qs4PO/3PNuvTzgFXHEaVGfgTfZNb9qPqS+e7rgQZu1jQMKg== Completed in 78ms
330 timing metavuln:calculate:security-advisory:@jimp/gif:+xCJZ2w2PkxbnvhNL1MEvbooxTKotonJyQAGUQ6Qs4PO/3PNuvTzgFXHEaVGfgTfZNb9qPqS+e7rgQZu1jQMKg== Completed in 1105ms
331 http fetch GET 200 https://registry.npmjs.org/@jimp%2fplugin-gaussian 1099ms (cache revalidated)
332 timing metavuln:packument:@jimp/plugin-gaussian Completed in 1103ms
333 timing metavuln:load:security-advisory:@jimp/plugin-gaussian:+xCJZ2w2PkxbnvhNL1MEvbooxTKotonJyQAGUQ6Qs4PO/3PNuvTzgFXHEaVGfgTfZNb9qPqS+e7rgQZu1jQMKg== Completed in 2ms
334 timing metavuln:calculate:security-advisory:@jimp/plugin-gaussian:+xCJZ2w2PkxbnvhNL1MEvbooxTKotonJyQAGUQ6Qs4PO/3PNuvTzgFXHEaVGfgTfZNb9qPqS+e7rgQZu1jQMKg== Completed in 1105ms
335 http fetch GET 200 https://registry.npmjs.org/@jimp%2fplugin-fisheye 1107ms (cache revalidated)
336 timing metavuln:packument:@jimp/plugin-fisheye Completed in 1110ms
337 timing metavuln:load:security-advisory:@jimp/plugin-fisheye:+xCJZ2w2PkxbnvhNL1MEvbooxTKotonJyQAGUQ6Qs4PO/3PNuvTzgFXHEaVGfgTfZNb9qPqS+e7rgQZu1jQMKg== Completed in 2ms
338 timing metavuln:calculate:security-advisory:@jimp/plugin-fisheye:+xCJZ2w2PkxbnvhNL1MEvbooxTKotonJyQAGUQ6Qs4PO/3PNuvTzgFXHEaVGfgTfZNb9qPqS+e7rgQZu1jQMKg== Completed in 1112ms
339 http fetch GET 200 https://registry.npmjs.org/@jimp%2fplugin-displace 1119ms (cache revalidated)
340 timing metavuln:packument:@jimp/plugin-displace Completed in 1122ms
341 timing metavuln:load:security-advisory:@jimp/plugin-displace:+xCJZ2w2PkxbnvhNL1MEvbooxTKotonJyQAGUQ6Qs4PO/3PNuvTzgFXHEaVGfgTfZNb9qPqS+e7rgQZu1jQMKg== Completed in 2ms
342 timing metavuln:calculate:security-advisory:@jimp/plugin-displace:+xCJZ2w2PkxbnvhNL1MEvbooxTKotonJyQAGUQ6Qs4PO/3PNuvTzgFXHEaVGfgTfZNb9qPqS+e7rgQZu1jQMKg== Completed in 1124ms
343 http fetch GET 200 https://registry.npmjs.org/@jimp%2fplugin-invert 1160ms (cache revalidated)
344 timing metavuln:packument:@jimp/plugin-invert Completed in 1163ms
345 timing metavuln:load:security-advisory:@jimp/plugin-invert:+xCJZ2w2PkxbnvhNL1MEvbooxTKotonJyQAGUQ6Qs4PO/3PNuvTzgFXHEaVGfgTfZNb9qPqS+e7rgQZu1jQMKg== Completed in 2ms
346 timing metavuln:calculate:security-advisory:@jimp/plugin-invert:+xCJZ2w2PkxbnvhNL1MEvbooxTKotonJyQAGUQ6Qs4PO/3PNuvTzgFXHEaVGfgTfZNb9qPqS+e7rgQZu1jQMKg== Completed in 1165ms
347 http fetch GET 200 https://registry.npmjs.org/@jimp%2fplugin-flip 1225ms (cache revalidated)
348 timing metavuln:packument:@jimp/plugin-flip Completed in 1228ms
349 timing metavuln:load:security-advisory:@jimp/plugin-flip:+xCJZ2w2PkxbnvhNL1MEvbooxTKotonJyQAGUQ6Qs4PO/3PNuvTzgFXHEaVGfgTfZNb9qPqS+e7rgQZu1jQMKg== Completed in 3ms
350 timing metavuln:calculate:security-advisory:@jimp/plugin-flip:+xCJZ2w2PkxbnvhNL1MEvbooxTKotonJyQAGUQ6Qs4PO/3PNuvTzgFXHEaVGfgTfZNb9qPqS+e7rgQZu1jQMKg== Completed in 1231ms
351 http fetch GET 200 https://registry.npmjs.org/@jimp%2fplugin-scale 1221ms (cache revalidated)
352 timing metavuln:packument:@jimp/plugin-scale Completed in 1224ms
353 timing metavuln:load:security-advisory:@jimp/plugin-scale:+xCJZ2w2PkxbnvhNL1MEvbooxTKotonJyQAGUQ6Qs4PO/3PNuvTzgFXHEaVGfgTfZNb9qPqS+e7rgQZu1jQMKg== Completed in 2ms
354 timing metavuln:calculate:security-advisory:@jimp/plugin-scale:+xCJZ2w2PkxbnvhNL1MEvbooxTKotonJyQAGUQ6Qs4PO/3PNuvTzgFXHEaVGfgTfZNb9qPqS+e7rgQZu1jQMKg== Completed in 1226ms
355 http fetch GET 200 https://registry.npmjs.org/@jimp%2fplugin-shadow 1251ms (cache revalidated)
356 timing metavuln:packument:@jimp/plugin-shadow Completed in 1256ms
357 timing metavuln:load:security-advisory:@jimp/plugin-shadow:+xCJZ2w2PkxbnvhNL1MEvbooxTKotonJyQAGUQ6Qs4PO/3PNuvTzgFXHEaVGfgTfZNb9qPqS+e7rgQZu1jQMKg== Completed in 4ms
358 timing metavuln:calculate:security-advisory:@jimp/plugin-shadow:+xCJZ2w2PkxbnvhNL1MEvbooxTKotonJyQAGUQ6Qs4PO/3PNuvTzgFXHEaVGfgTfZNb9qPqS+e7rgQZu1jQMKg== Completed in 1260ms
359 http fetch GET 200 https://registry.npmjs.org/@jimp%2fjpeg 1311ms (cache revalidated)
360 timing metavuln:packument:@jimp/jpeg Completed in 1315ms
361 timing metavuln:load:security-advisory:@jimp/jpeg:+xCJZ2w2PkxbnvhNL1MEvbooxTKotonJyQAGUQ6Qs4PO/3PNuvTzgFXHEaVGfgTfZNb9qPqS+e7rgQZu1jQMKg== Completed in 3ms
362 timing metavuln:calculate:security-advisory:@jimp/jpeg:+xCJZ2w2PkxbnvhNL1MEvbooxTKotonJyQAGUQ6Qs4PO/3PNuvTzgFXHEaVGfgTfZNb9qPqS+e7rgQZu1jQMKg== Completed in 1318ms
363 http fetch GET 200 https://registry.npmjs.org/@jimp%2fplugin-circle 1380ms (cache revalidated)
364 timing metavuln:packument:@jimp/plugin-circle Completed in 1383ms
365 timing metavuln:load:security-advisory:@jimp/plugin-circle:+xCJZ2w2PkxbnvhNL1MEvbooxTKotonJyQAGUQ6Qs4PO/3PNuvTzgFXHEaVGfgTfZNb9qPqS+e7rgQZu1jQMKg== Completed in 2ms
366 timing metavuln:calculate:security-advisory:@jimp/plugin-circle:+xCJZ2w2PkxbnvhNL1MEvbooxTKotonJyQAGUQ6Qs4PO/3PNuvTzgFXHEaVGfgTfZNb9qPqS+e7rgQZu1jQMKg== Completed in 1386ms
367 http fetch GET 200 https://registry.npmjs.org/@jimp%2ftypes 1404ms (cache revalidated)
368 timing metavuln:packument:@jimp/types Completed in 1408ms
369 timing metavuln:load:security-advisory:@jimp/types:+xCJZ2w2PkxbnvhNL1MEvbooxTKotonJyQAGUQ6Qs4PO/3PNuvTzgFXHEaVGfgTfZNb9qPqS+e7rgQZu1jQMKg== Completed in 2ms
370 timing metavuln:calculate:security-advisory:@jimp/types:+xCJZ2w2PkxbnvhNL1MEvbooxTKotonJyQAGUQ6Qs4PO/3PNuvTzgFXHEaVGfgTfZNb9qPqS+e7rgQZu1jQMKg== Completed in 1410ms
371 http fetch GET 200 https://registry.npmjs.org/@jimp%2fplugin-rotate 1428ms (cache revalidated)
372 timing metavuln:packument:@jimp/plugin-rotate Completed in 1432ms
373 timing metavuln:load:security-advisory:@jimp/plugin-rotate:+xCJZ2w2PkxbnvhNL1MEvbooxTKotonJyQAGUQ6Qs4PO/3PNuvTzgFXHEaVGfgTfZNb9qPqS+e7rgQZu1jQMKg== Completed in 1ms
374 timing metavuln:calculate:security-advisory:@jimp/plugin-rotate:+xCJZ2w2PkxbnvhNL1MEvbooxTKotonJyQAGUQ6Qs4PO/3PNuvTzgFXHEaVGfgTfZNb9qPqS+e7rgQZu1jQMKg== Completed in 1434ms
375 http fetch GET 200 https://registry.npmjs.org/@jimp%2fplugin-threshold 1462ms (cache revalidated)
376 timing metavuln:packument:@jimp/plugin-threshold Completed in 1471ms
377 timing metavuln:load:security-advisory:@jimp/plugin-threshold:+xCJZ2w2PkxbnvhNL1MEvbooxTKotonJyQAGUQ6Qs4PO/3PNuvTzgFXHEaVGfgTfZNb9qPqS+e7rgQZu1jQMKg== Completed in 1ms
378 timing metavuln:calculate:security-advisory:@jimp/plugin-threshold:+xCJZ2w2PkxbnvhNL1MEvbooxTKotonJyQAGUQ6Qs4PO/3PNuvTzgFXHEaVGfgTfZNb9qPqS+e7rgQZu1jQMKg== Completed in 1472ms
379 http fetch GET 200 https://registry.npmjs.org/@jimp%2ftiff 1493ms (cache revalidated)
380 timing metavuln:packument:@jimp/tiff Completed in 1497ms
381 timing metavuln:load:security-advisory:@jimp/tiff:+xCJZ2w2PkxbnvhNL1MEvbooxTKotonJyQAGUQ6Qs4PO/3PNuvTzgFXHEaVGfgTfZNb9qPqS+e7rgQZu1jQMKg== Completed in 4ms
382 timing metavuln:calculate:security-advisory:@jimp/tiff:+xCJZ2w2PkxbnvhNL1MEvbooxTKotonJyQAGUQ6Qs4PO/3PNuvTzgFXHEaVGfgTfZNb9qPqS+e7rgQZu1jQMKg== Completed in 1501ms
383 http fetch GET 200 https://registry.npmjs.org/@jimp%2fplugin-blur 1614ms (cache revalidated)
384 timing metavuln:packument:@jimp/plugin-blur Completed in 1618ms
385 timing metavuln:load:security-advisory:@jimp/plugin-blur:+xCJZ2w2PkxbnvhNL1MEvbooxTKotonJyQAGUQ6Qs4PO/3PNuvTzgFXHEaVGfgTfZNb9qPqS+e7rgQZu1jQMKg== Completed in 2ms
386 timing metavuln:calculate:security-advisory:@jimp/plugin-blur:+xCJZ2w2PkxbnvhNL1MEvbooxTKotonJyQAGUQ6Qs4PO/3PNuvTzgFXHEaVGfgTfZNb9qPqS+e7rgQZu1jQMKg== Completed in 1620ms
387 http fetch GET 200 https://registry.npmjs.org/@jimp%2fpng 1727ms (cache revalidated)
388 timing metavuln:packument:@jimp/png Completed in 1731ms
389 timing metavuln:load:security-advisory:@jimp/png:+xCJZ2w2PkxbnvhNL1MEvbooxTKotonJyQAGUQ6Qs4PO/3PNuvTzgFXHEaVGfgTfZNb9qPqS+e7rgQZu1jQMKg== Completed in 2ms
390 timing metavuln:calculate:security-advisory:@jimp/png:+xCJZ2w2PkxbnvhNL1MEvbooxTKotonJyQAGUQ6Qs4PO/3PNuvTzgFXHEaVGfgTfZNb9qPqS+e7rgQZu1jQMKg== Completed in 1733ms
391 timing metavuln:cache:get:security-advisory:canvas-senpai:QxroVQsju3UyoxwyDE9D8hN0IzRYPxJqxOSCezG6on86j5jU2wFC4VWlTN7eJiEky3xhP7YNKBTm9MZ6P6TitA== Completed in 54ms
392 http fetch GET 200 https://registry.npmjs.org/canvas-senpai 181ms (cache revalidated)
393 timing metavuln:packument:canvas-senpai Completed in 183ms
394 timing metavuln:load:security-advisory:canvas-senpai:ExzPDHgUiFBddCw3gFuiXi424Y536Pt1cneb6BOXrKCeOz1R4kymRgwNSTYZ3HigogtVIzRCmeeviKeWxvweaw== Completed in 0ms
395 timing metavuln:calculate:security-advisory:canvas-senpai:ExzPDHgUiFBddCw3gFuiXi424Y536Pt1cneb6BOXrKCeOz1R4kymRgwNSTYZ3HigogtVIzRCmeeviKeWxvweaw== Completed in 183ms
396 timing auditReport:init Completed in 6319ms
397 timing reify:audit Completed in 6646ms
398 timing reify Completed in 9007ms
399 silly ADD
400 silly ADD
401 silly ADD
402 silly ADD
403 silly ADD
404 silly ADD
405 silly ADD
406 timing command:install Completed in 9176ms
407 verbose exit 0
408 timing npm Completed in 9301ms
409 info ok
